-- Found ament_cmake: 0.9.8 (/opt/ros/foxy/share/ament_cmake/cmake)
-- Using PYTHON_EXECUTABLE: /usr/bin/python3
-- Override CMake install command with custom implementation using symlinks instead of copying resources
-- Configuring done
-- Generating done
-- Build files have been written to: /home/pr/nxpws/build/sim_gazebo_bringup
-- Install configuration: ""
-- Execute custom install script
-- Up-to-date symlink: /home/pr/nxpws/install/sim_gazebo_bringup/share/sim_gazebo_bringup//launch/sim_gazebo.launch.py
-- Up-to-date symlink: /home/pr/nxpws/install/sim_gazebo_bringup/share/ament_index/resource_index/package_run_dependencies/sim_gazebo_bringup
-- Up-to-date symlink: /home/pr/nxpws/install/sim_gazebo_bringup/share/ament_index/resource_index/parent_prefix_path/sim_gazebo_bringup
-- Up-to-date symlink: /home/pr/nxpws/install/sim_gazebo_bringup/share/sim_gazebo_bringup/environment/ament_prefix_path.sh
-- Up-to-date symlink: /home/pr/nxpws/install/sim_gazebo_bringup/share/sim_gazebo_bringup/environment/ament_prefix_path.dsv
-- Up-to-date symlink: /home/pr/nxpws/install/sim_gazebo_bringup/share/sim_gazebo_bringup/environment/path.sh
-- Up-to-date symlink: /home/pr/nxpws/install/sim_gazebo_bringup/share/sim_gazebo_bringup/environment/path.dsv
-- Up-to-date symlink: /home/pr/nxpws/install/sim_gazebo_bringup/share/sim_gazebo_bringup/local_setup.bash
-- Up-to-date symlink: /home/pr/nxpws/install/sim_gazebo_bringup/share/sim_gazebo_bringup/local_setup.sh
-- Up-to-date symlink: /home/pr/nxpws/install/sim_gazebo_bringup/share/sim_gazebo_bringup/local_setup.zsh
-- Up-to-date symlink: /home/pr/nxpws/install/sim_gazebo_bringup/share/sim_gazebo_bringup/local_setup.dsv
-- Symlinking: /home/pr/nxpws/install/sim_gazebo_bringup/share/sim_gazebo_bringup/package.dsv
-- Up-to-date symlink: /home/pr/nxpws/install/sim_gazebo_bringup/share/ament_index/resource_index/packages/sim_gazebo_bringup
-- Up-to-date symlink: /home/pr/nxpws/install/sim_gazebo_bringup/share/sim_gazebo_bringup/cmake/sim_gazebo_bringupConfig.cmake
-- Up-to-date symlink: /home/pr/nxpws/install/sim_gazebo_bringup/share/sim_gazebo_bringup/cmake/sim_gazebo_bringupConfig-version.cmake
-- Up-to-date symlink: /home/pr/nxpws/install/sim_gazebo_bringup/share/sim_gazebo_bringup/package.xml
