[0.030s] Invoking command in '/home/pr/nxpws/build/nxp_cup_interfaces': CMAKE_PREFIX_PATH=${CMAKE_PREFIX_PATH}:/home/pr/ros2ws/install/track_follow:/home/pr/ros2ws/install/robo_vision:/home/pr/ros2ws/install/pubsub:/home/pr/ros2ws/install/minipck:/opt/ros/foxy /usr/bin/cmake /home/pr/nxpws/src/nxp_cup_interfaces -DAMENT_CMAKE_SYMLINK_INSTALL=1 -DCMAKE_INSTALL_PREFIX=/home/pr/nxpws/install/nxp_cup_interfaces
[0.196s] -- The C compiler identification is GNU 9.3.0
[0.298s] -- The CXX compiler identification is GNU 9.3.0
[0.303s] -- Check for working C compiler: /usr/bin/cc
[0.383s] -- Check for working C compiler: /usr/bin/cc -- works
[0.385s] -- Detecting C compiler ABI info
[0.462s] -- Detecting C compiler ABI info - done
[0.479s] -- Detecting C compile features
[0.480s] -- Detecting C compile features - done
[0.483s] -- Check for working CXX compiler: /usr/bin/c++
[0.585s] -- Check for working CXX compiler: /usr/bin/c++ -- works
[0.587s] -- Detecting CXX compiler ABI info
[0.703s] -- Detecting CXX compiler ABI info - done
[0.721s] -- Detecting CXX compile features
[0.722s] -- Detecting CXX compile features - done
[0.725s] -- Found ament_cmake: 0.9.8 (/opt/ros/foxy/share/ament_cmake/cmake)
[0.759s] -- Found PythonInterp: /usr/bin/python3 (found suitable version "3.8.10", minimum required is "3") 
[0.760s] -- Using PYTHON_EXECUTABLE: /usr/bin/python3
[1.044s] -- Override CMake install command with custom implementation using symlinks instead of copying resources
[1.073s] -- Found rosidl_default_generators: 1.0.1 (/opt/ros/foxy/share/rosidl_default_generators/cmake)
[1.080s] -- Using all available rosidl_typesupport_c: rosidl_typesupport_fastrtps_c;rosidl_typesupport_introspection_c
[1.091s] -- Found rosidl_adapter: 1.2.1 (/opt/ros/foxy/share/rosidl_adapter/cmake)
[1.248s] -- Found OpenSSL: /usr/lib/x86_64-linux-gnu/libcrypto.so (found version "1.1.1f")  
[1.290s] -- Found FastRTPS: /opt/ros/foxy/include  
[1.401s] -- Using all available rosidl_typesupport_cpp: rosidl_typesupport_fastrtps_cpp;rosidl_typesupport_introspection_cpp
[1.475s] -- Found PythonInterp: /usr/bin/python3 (found version "3.8.10") 
[1.679s] -- Found ament_cmake_ros: 0.9.2 (/opt/ros/foxy/share/ament_cmake_ros/cmake)
[1.803s] -- Using all available rosidl_typesupport_c: rosidl_typesupport_fastrtps_c;rosidl_typesupport_introspection_c
[1.815s] -- Using all available rosidl_typesupport_cpp: rosidl_typesupport_fastrtps_cpp;rosidl_typesupport_introspection_cpp
[1.841s] -- Found PythonInterp: /usr/bin/python3 (found suitable version "3.8.10", minimum required is "3.5") 
[1.843s] -- Found python_cmake_module: 0.8.1 (/opt/ros/foxy/share/python_cmake_module/cmake)
[1.876s] -- Found PythonLibs: /usr/lib/x86_64-linux-gnu/libpython3.8.so (found suitable version "3.8.10", minimum required is "3.5") 
[1.876s] -- Using PYTHON_EXECUTABLE: /usr/bin/python3
[1.876s] -- Using PYTHON_INCLUDE_DIRS: /usr/include/python3.8
[1.876s] -- Using PYTHON_LIBRARIES: /usr/lib/x86_64-linux-gnu/libpython3.8.so
[1.900s] -- Found PythonExtra: .so  
[1.971s] -- Configuring done
[2.013s] -- Generating done
[2.017s] -- Build files have been written to: /home/pr/nxpws/build/nxp_cup_interfaces
[2.025s] Invoked command in '/home/pr/nxpws/build/nxp_cup_interfaces' returned '0': CMAKE_PREFIX_PATH=${CMAKE_PREFIX_PATH}:/home/pr/ros2ws/install/track_follow:/home/pr/ros2ws/install/robo_vision:/home/pr/ros2ws/install/pubsub:/home/pr/ros2ws/install/minipck:/opt/ros/foxy /usr/bin/cmake /home/pr/nxpws/src/nxp_cup_interfaces -DAMENT_CMAKE_SYMLINK_INSTALL=1 -DCMAKE_INSTALL_PREFIX=/home/pr/nxpws/install/nxp_cup_interfaces
[2.029s] Invoking command in '/home/pr/nxpws/build/nxp_cup_interfaces': CMAKE_PREFIX_PATH=${CMAKE_PREFIX_PATH}:/home/pr/ros2ws/install/track_follow:/home/pr/ros2ws/install/robo_vision:/home/pr/ros2ws/install/pubsub:/home/pr/ros2ws/install/minipck:/opt/ros/foxy /usr/bin/cmake --build /home/pr/nxpws/build/nxp_cup_interfaces -- -j8 -l8
[2.080s] [  2%] [34m[1mGenerating C code for ROS interfaces[0m
[2.094s] [35m[1mScanning dependencies of target nxp_cup_interfaces__cpp[0m
[2.108s] [  5%] [34m[1mGenerating C++ code for ROS interfaces[0m
[2.646s] [  5%] Built target nxp_cup_interfaces__cpp
[2.659s] [  7%] [34m[1mGenerating C++ introspection for ROS interfaces[0m
[2.662s] [ 10%] [34m[1mGenerating C++ type support dispatch for ROS interfaces[0m
[2.663s] [ 12%] [34m[1mGenerating C++ type support for eProsima Fast-RTPS[0m
[2.670s] [35m[1mScanning dependencies of target nxp_cup_interfaces__rosidl_generator_c[0m
[2.685s] [ 17%] [32mBuilding C object CMakeFiles/nxp_cup_interfaces__rosidl_generator_c.dir/rosidl_generator_c/nxp_cup_interfaces/msg/detail/nxp_aim__functions.c.o[0m
[2.686s] [ 17%] [32mBuilding C object CMakeFiles/nxp_cup_interfaces__rosidl_generator_c.dir/rosidl_generator_c/nxp_cup_interfaces/msg/detail/pixy_vector__functions.c.o[0m
[2.751s] [ 20%] [32m[1mLinking C shared library libnxp_cup_interfaces__rosidl_generator_c.so[0m
[2.799s] [ 20%] Built target nxp_cup_interfaces__rosidl_generator_c
[2.822s] [ 23%] [34m[1mGenerating C introspection for ROS interfaces[0m
[2.860s] [ 25%] [34m[1mGenerating C type support dispatch for ROS interfaces[0m
[3.286s] [35m[1mScanning dependencies of target nxp_cup_interfaces__rosidl_typesupport_cpp[0m
[3.319s] [ 28%] [32mBuilding CXX object CMakeFiles/nxp_cup_interfaces__rosidl_typesupport_cpp.dir/rosidl_typesupport_cpp/nxp_cup_interfaces/msg/nxp_aim__type_support.cpp.o[0m
[3.332s] [ 30%] [32mBuilding CXX object CMakeFiles/nxp_cup_interfaces__rosidl_typesupport_cpp.dir/rosidl_typesupport_cpp/nxp_cup_interfaces/msg/pixy_vector__type_support.cpp.o[0m
[3.391s] [35m[1mScanning dependencies of target nxp_cup_interfaces__rosidl_typesupport_fastrtps_cpp[0m
[3.417s] [35m[1mScanning dependencies of target nxp_cup_interfaces__rosidl_typesupport_introspection_cpp[0m
[3.441s] [ 33%] [32mBuilding CXX object CMakeFiles/nxp_cup_interfaces__rosidl_typesupport_fastrtps_cpp.dir/rosidl_typesupport_fastrtps_cpp/nxp_cup_interfaces/msg/detail/dds_fastrtps/nxp_aim__type_support.cpp.o[0m
[3.461s] [ 35%] [32mBuilding CXX object CMakeFiles/nxp_cup_interfaces__rosidl_typesupport_fastrtps_cpp.dir/rosidl_typesupport_fastrtps_cpp/nxp_cup_interfaces/msg/detail/dds_fastrtps/pixy_vector__type_support.cpp.o[0m
[3.469s] [ 38%] [32mBuilding CXX object CMakeFiles/nxp_cup_interfaces__rosidl_typesupport_introspection_cpp.dir/rosidl_typesupport_introspection_cpp/nxp_cup_interfaces/msg/detail/pixy_vector__type_support.cpp.o[0m
[3.477s] [ 41%] [32mBuilding CXX object CMakeFiles/nxp_cup_interfaces__rosidl_typesupport_introspection_cpp.dir/rosidl_typesupport_introspection_cpp/nxp_cup_interfaces/msg/detail/nxp_aim__type_support.cpp.o[0m
[3.519s] [35m[1mScanning dependencies of target nxp_cup_interfaces__rosidl_typesupport_introspection_c[0m
[3.543s] [35m[1mScanning dependencies of target nxp_cup_interfaces__rosidl_typesupport_c[0m
[3.580s] [ 43%] [32mBuilding CXX object CMakeFiles/nxp_cup_interfaces__rosidl_typesupport_c.dir/rosidl_typesupport_c/nxp_cup_interfaces/msg/pixy_vector__type_support.cpp.o[0m
[3.583s] [ 46%] [32mBuilding C object CMakeFiles/nxp_cup_interfaces__rosidl_typesupport_introspection_c.dir/rosidl_typesupport_introspection_c/nxp_cup_interfaces/msg/detail/pixy_vector__type_support.c.o[0m
[3.728s] [ 48%] [32mBuilding CXX object CMakeFiles/nxp_cup_interfaces__rosidl_typesupport_c.dir/rosidl_typesupport_c/nxp_cup_interfaces/msg/nxp_aim__type_support.cpp.o[0m
[3.735s] [ 51%] [32mBuilding C object CMakeFiles/nxp_cup_interfaces__rosidl_typesupport_introspection_c.dir/rosidl_typesupport_introspection_c/nxp_cup_interfaces/msg/detail/nxp_aim__type_support.c.o[0m
[3.839s] [ 53%] [32m[1mLinking CXX shared library libnxp_cup_interfaces__rosidl_typesupport_c.so[0m
[3.878s] [ 56%] [32m[1mLinking C shared library libnxp_cup_interfaces__rosidl_typesupport_introspection_c.so[0m
[3.910s] [ 58%] [32m[1mLinking CXX shared library libnxp_cup_interfaces__rosidl_typesupport_cpp.so[0m
[3.973s] [ 58%] Built target nxp_cup_interfaces__rosidl_typesupport_cpp
[3.988s] [ 58%] Built target nxp_cup_interfaces__rosidl_typesupport_c
[3.999s] [ 58%] Built target nxp_cup_interfaces__rosidl_typesupport_introspection_c
[4.144s] [ 61%] [32m[1mLinking CXX shared library libnxp_cup_interfaces__rosidl_typesupport_introspection_cpp.so[0m
[4.199s] [ 61%] Built target nxp_cup_interfaces__rosidl_typesupport_introspection_cpp
[4.232s] [ 64%] [32m[1mLinking CXX shared library libnxp_cup_interfaces__rosidl_typesupport_fastrtps_cpp.so[0m
[4.384s] [ 64%] Built target nxp_cup_interfaces__rosidl_typesupport_fastrtps_cpp
[4.395s] [ 66%] [34m[1mGenerating C type support for eProsima Fast-RTPS[0m
[4.785s] [35m[1mScanning dependencies of target nxp_cup_interfaces__rosidl_typesupport_fastrtps_c[0m
[4.806s] [ 69%] [32mBuilding CXX object CMakeFiles/nxp_cup_interfaces__rosidl_typesupport_fastrtps_c.dir/rosidl_typesupport_fastrtps_c/nxp_cup_interfaces/msg/detail/nxp_aim__type_support_c.cpp.o[0m
[4.806s] [ 71%] [32mBuilding CXX object CMakeFiles/nxp_cup_interfaces__rosidl_typesupport_fastrtps_c.dir/rosidl_typesupport_fastrtps_c/nxp_cup_interfaces/msg/detail/pixy_vector__type_support_c.cpp.o[0m
[5.344s] [ 74%] [32m[1mLinking CXX shared library libnxp_cup_interfaces__rosidl_typesupport_fastrtps_c.so[0m
[5.461s] [ 74%] Built target nxp_cup_interfaces__rosidl_typesupport_fastrtps_c
[5.470s] [35m[1mScanning dependencies of target nxp_cup_interfaces[0m
[5.480s] [ 74%] Built target nxp_cup_interfaces
[5.490s] [35m[1mScanning dependencies of target nxp_cup_interfaces__py[0m
[5.500s] [ 76%] [34m[1mGenerating Python code for ROS interfaces[0m
[6.307s] [ 76%] Built target nxp_cup_interfaces__py
[6.317s] [35m[1mScanning dependencies of target nxp_cup_interfaces__python[0m
[6.355s] [ 82%] [32mBuilding C object CMakeFiles/nxp_cup_interfaces__python.dir/rosidl_generator_py/nxp_cup_interfaces/msg/_pixy_vector_s.c.o[0m
[6.355s] [ 82%] [32mBuilding C object CMakeFiles/nxp_cup_interfaces__python.dir/rosidl_generator_py/nxp_cup_interfaces/msg/_nxp_aim_s.c.o[0m
[6.491s] [ 84%] [32m[1mLinking C shared library rosidl_generator_py/nxp_cup_interfaces/libnxp_cup_interfaces__python.so[0m
[6.529s] [ 84%] Built target nxp_cup_interfaces__python
[6.548s] [35m[1mScanning dependencies of target nxp_cup_interfaces__rosidl_typesupport_c__pyext[0m
[6.549s] [35m[1mScanning dependencies of target nxp_cup_interfaces__rosidl_typesupport_fastrtps_c__pyext[0m
[6.549s] [35m[1mScanning dependencies of target nxp_cup_interfaces__rosidl_typesupport_introspection_c__pyext[0m
[6.573s] [ 89%] [32mBuilding C object CMakeFiles/nxp_cup_interfaces__rosidl_typesupport_c__pyext.dir/rosidl_generator_py/nxp_cup_interfaces/_nxp_cup_interfaces_s.ep.rosidl_typesupport_c.c.o[0m
[6.573s] [ 89%] [32mBuilding C object CMakeFiles/nxp_cup_interfaces__rosidl_typesupport_introspection_c__pyext.dir/rosidl_generator_py/nxp_cup_interfaces/_nxp_cup_interfaces_s.ep.rosidl_typesupport_introspection_c.c.o[0m
[6.582s] [ 92%] [32mBuilding C object CMakeFiles/nxp_cup_interfaces__rosidl_typesupport_fastrtps_c__pyext.dir/rosidl_generator_py/nxp_cup_interfaces/_nxp_cup_interfaces_s.ep.rosidl_typesupport_fastrtps_c.c.o[0m
[6.693s] [ 94%] [32m[1mLinking CXX shared library rosidl_generator_py/nxp_cup_interfaces/nxp_cup_interfaces_s__rosidl_typesupport_fastrtps_c.cpython-38-x86_64-linux-gnu.so[0m
[6.704s] [ 97%] [32m[1mLinking C shared library rosidl_generator_py/nxp_cup_interfaces/nxp_cup_interfaces_s__rosidl_typesupport_introspection_c.cpython-38-x86_64-linux-gnu.so[0m
[6.711s] [100%] [32m[1mLinking C shared library rosidl_generator_py/nxp_cup_interfaces/nxp_cup_interfaces_s__rosidl_typesupport_c.cpython-38-x86_64-linux-gnu.so[0m
[6.758s] [100%] Built target nxp_cup_interfaces__rosidl_typesupport_c__pyext
[6.760s] [100%] Built target nxp_cup_interfaces__rosidl_typesupport_introspection_c__pyext
[6.777s] [100%] Built target nxp_cup_interfaces__rosidl_typesupport_fastrtps_c__pyext
[6.795s] Invoked command in '/home/pr/nxpws/build/nxp_cup_interfaces' returned '0': CMAKE_PREFIX_PATH=${CMAKE_PREFIX_PATH}:/home/pr/ros2ws/install/track_follow:/home/pr/ros2ws/install/robo_vision:/home/pr/ros2ws/install/pubsub:/home/pr/ros2ws/install/minipck:/opt/ros/foxy /usr/bin/cmake --build /home/pr/nxpws/build/nxp_cup_interfaces -- -j8 -l8
[6.854s] Invoking command in '/home/pr/nxpws/build/nxp_cup_interfaces': CMAKE_PREFIX_PATH=${CMAKE_PREFIX_PATH}:/home/pr/ros2ws/install/track_follow:/home/pr/ros2ws/install/robo_vision:/home/pr/ros2ws/install/pubsub:/home/pr/ros2ws/install/minipck:/opt/ros/foxy /usr/bin/cmake --install /home/pr/nxpws/build/nxp_cup_interfaces
[6.862s] -- Install configuration: ""
[6.863s] -- Execute custom install script
[6.863s] -- Symlinking: /home/pr/nxpws/install/nxp_cup_interfaces/share/ament_index/resource_index/rosidl_interfaces/nxp_cup_interfaces
[6.877s] -- Symlinking: /home/pr/nxpws/install/nxp_cup_interfaces/include/nxp_cup_interfaces/msg/detail/nxp_aim__functions.h
[6.892s] -- Symlinking: /home/pr/nxpws/install/nxp_cup_interfaces/include/nxp_cup_interfaces/msg/detail/nxp_aim__struct.h
[6.904s] -- Symlinking: /home/pr/nxpws/install/nxp_cup_interfaces/include/nxp_cup_interfaces/msg/detail/nxp_aim__type_support.h
[6.917s] -- Symlinking: /home/pr/nxpws/install/nxp_cup_interfaces/include/nxp_cup_interfaces/msg/detail/pixy_vector__functions.h
[6.929s] -- Symlinking: /home/pr/nxpws/install/nxp_cup_interfaces/include/nxp_cup_interfaces/msg/detail/pixy_vector__struct.h
[6.938s] -- Symlinking: /home/pr/nxpws/install/nxp_cup_interfaces/include/nxp_cup_interfaces/msg/detail/pixy_vector__type_support.h
[6.947s] -- Symlinking: /home/pr/nxpws/install/nxp_cup_interfaces/include/nxp_cup_interfaces/msg/nxp_aim.h
[6.956s] -- Symlinking: /home/pr/nxpws/install/nxp_cup_interfaces/include/nxp_cup_interfaces/msg/pixy_vector.h
[6.965s] -- Symlinking: /home/pr/nxpws/install/nxp_cup_interfaces/include/nxp_cup_interfaces/msg/rosidl_generator_c__visibility_control.h
[6.974s] -- Symlinking: /home/pr/nxpws/install/nxp_cup_interfaces/share/nxp_cup_interfaces/environment/library_path.sh
[6.986s] -- Symlinking: /home/pr/nxpws/install/nxp_cup_interfaces/share/nxp_cup_interfaces/environment/library_path.dsv
[6.998s] -- Symlinking: /home/pr/nxpws/install/nxp_cup_interfaces/include/nxp_cup_interfaces/msg/detail/nxp_aim__rosidl_typesupport_fastrtps_c.h
[7.007s] -- Symlinking: /home/pr/nxpws/install/nxp_cup_interfaces/include/nxp_cup_interfaces/msg/detail/pixy_vector__rosidl_typesupport_fastrtps_c.h
[7.016s] -- Symlinking: /home/pr/nxpws/install/nxp_cup_interfaces/include/nxp_cup_interfaces/msg/rosidl_typesupport_fastrtps_c__visibility_control.h
[7.025s] -- Symlinking: /home/pr/nxpws/install/nxp_cup_interfaces/lib/libnxp_cup_interfaces__rosidl_typesupport_fastrtps_c.so
[7.035s] -- Symlinking: /home/pr/nxpws/install/nxp_cup_interfaces/include/nxp_cup_interfaces/msg/detail/nxp_aim__rosidl_typesupport_fastrtps_cpp.hpp
[7.046s] -- Symlinking: /home/pr/nxpws/install/nxp_cup_interfaces/include/nxp_cup_interfaces/msg/detail/pixy_vector__rosidl_typesupport_fastrtps_cpp.hpp
[7.057s] -- Symlinking: /home/pr/nxpws/install/nxp_cup_interfaces/include/nxp_cup_interfaces/msg/rosidl_typesupport_fastrtps_cpp__visibility_control.h
[7.067s] -- Symlinking: /home/pr/nxpws/install/nxp_cup_interfaces/lib/libnxp_cup_interfaces__rosidl_typesupport_fastrtps_cpp.so
[7.078s] -- Symlinking: /home/pr/nxpws/install/nxp_cup_interfaces/include/nxp_cup_interfaces/msg/detail/nxp_aim__rosidl_typesupport_introspection_c.h
[7.087s] -- Symlinking: /home/pr/nxpws/install/nxp_cup_interfaces/include/nxp_cup_interfaces/msg/detail/pixy_vector__rosidl_typesupport_introspection_c.h
[7.098s] -- Symlinking: /home/pr/nxpws/install/nxp_cup_interfaces/include/nxp_cup_interfaces/msg/rosidl_typesupport_introspection_c__visibility_control.h
[7.111s] -- Symlinking: /home/pr/nxpws/install/nxp_cup_interfaces/include/nxp_cup_interfaces/msg/detail/nxp_aim__builder.hpp
[7.124s] -- Symlinking: /home/pr/nxpws/install/nxp_cup_interfaces/include/nxp_cup_interfaces/msg/detail/nxp_aim__struct.hpp
[7.139s] -- Symlinking: /home/pr/nxpws/install/nxp_cup_interfaces/include/nxp_cup_interfaces/msg/detail/nxp_aim__traits.hpp
[7.152s] -- Symlinking: /home/pr/nxpws/install/nxp_cup_interfaces/include/nxp_cup_interfaces/msg/detail/pixy_vector__builder.hpp
[7.164s] -- Symlinking: /home/pr/nxpws/install/nxp_cup_interfaces/include/nxp_cup_interfaces/msg/detail/pixy_vector__struct.hpp
[7.173s] -- Symlinking: /home/pr/nxpws/install/nxp_cup_interfaces/include/nxp_cup_interfaces/msg/detail/pixy_vector__traits.hpp
[7.183s] -- Symlinking: /home/pr/nxpws/install/nxp_cup_interfaces/include/nxp_cup_interfaces/msg/nxp_aim.hpp
[7.192s] -- Symlinking: /home/pr/nxpws/install/nxp_cup_interfaces/include/nxp_cup_interfaces/msg/pixy_vector.hpp
[7.202s] -- Symlinking: /home/pr/nxpws/install/nxp_cup_interfaces/include/nxp_cup_interfaces/msg/detail/nxp_aim__rosidl_typesupport_introspection_cpp.hpp
[7.210s] -- Symlinking: /home/pr/nxpws/install/nxp_cup_interfaces/include/nxp_cup_interfaces/msg/detail/pixy_vector__rosidl_typesupport_introspection_cpp.hpp
[7.219s] -- Symlinking: /home/pr/nxpws/install/nxp_cup_interfaces/share/nxp_cup_interfaces/environment/pythonpath.sh
[7.228s] -- Symlinking: /home/pr/nxpws/install/nxp_cup_interfaces/share/nxp_cup_interfaces/environment/pythonpath.dsv
[7.240s] -- Symlinking: /home/pr/nxpws/install/nxp_cup_interfaces/lib/python3.8/site-packages/nxp_cup_interfaces/__init__.py
[7.253s] -- Symlinking: /home/pr/nxpws/install/nxp_cup_interfaces/lib/python3.8/site-packages/nxp_cup_interfaces/msg/__init__.py
[7.265s] -- Symlinking: /home/pr/nxpws/install/nxp_cup_interfaces/lib/python3.8/site-packages/nxp_cup_interfaces/msg/_nxp_aim.py
[7.275s] -- Symlinking: /home/pr/nxpws/install/nxp_cup_interfaces/lib/python3.8/site-packages/nxp_cup_interfaces/msg/_pixy_vector.py
[7.284s] -- Symlinking: /home/pr/nxpws/install/nxp_cup_interfaces/lib/python3.8/site-packages/nxp_cup_interfaces/nxp_cup_interfaces_s__rosidl_typesupport_fastrtps_c.cpython-38-x86_64-linux-gnu.so
[7.294s] -- Symlinking: /home/pr/nxpws/install/nxp_cup_interfaces/lib/python3.8/site-packages/nxp_cup_interfaces/nxp_cup_interfaces_s__rosidl_typesupport_introspection_c.cpython-38-x86_64-linux-gnu.so
[7.312s] -- Symlinking: /home/pr/nxpws/install/nxp_cup_interfaces/lib/python3.8/site-packages/nxp_cup_interfaces/nxp_cup_interfaces_s__rosidl_typesupport_c.cpython-38-x86_64-linux-gnu.so
[7.317s] -- Symlinking: /home/pr/nxpws/install/nxp_cup_interfaces/lib/libnxp_cup_interfaces__python.so
[7.328s] -- Symlinking: /home/pr/nxpws/install/nxp_cup_interfaces/share/nxp_cup_interfaces/msg/PixyVector.idl
[7.336s] -- Symlinking: /home/pr/nxpws/install/nxp_cup_interfaces/share/nxp_cup_interfaces/msg/NxpAim.idl
[7.346s] -- Symlinking: /home/pr/nxpws/install/nxp_cup_interfaces/share/nxp_cup_interfaces/msg/PixyVector.msg
[7.356s] -- Symlinking: /home/pr/nxpws/install/nxp_cup_interfaces/share/nxp_cup_interfaces/msg/NxpAim.msg
[7.365s] -- Symlinking: /home/pr/nxpws/install/nxp_cup_interfaces/share/ament_index/resource_index/package_run_dependencies/nxp_cup_interfaces
[7.375s] -- Symlinking: /home/pr/nxpws/install/nxp_cup_interfaces/share/ament_index/resource_index/parent_prefix_path/nxp_cup_interfaces
[7.387s] -- Symlinking: /home/pr/nxpws/install/nxp_cup_interfaces/share/nxp_cup_interfaces/environment/ament_prefix_path.sh
[7.398s] -- Symlinking: /home/pr/nxpws/install/nxp_cup_interfaces/share/nxp_cup_interfaces/environment/ament_prefix_path.dsv
[7.410s] -- Symlinking: /home/pr/nxpws/install/nxp_cup_interfaces/share/nxp_cup_interfaces/environment/path.sh
[7.421s] -- Symlinking: /home/pr/nxpws/install/nxp_cup_interfaces/share/nxp_cup_interfaces/environment/path.dsv
[7.430s] -- Symlinking: /home/pr/nxpws/install/nxp_cup_interfaces/share/nxp_cup_interfaces/local_setup.bash
[7.439s] -- Symlinking: /home/pr/nxpws/install/nxp_cup_interfaces/share/nxp_cup_interfaces/local_setup.sh
[7.448s] -- Symlinking: /home/pr/nxpws/install/nxp_cup_interfaces/share/nxp_cup_interfaces/local_setup.zsh
[7.457s] -- Symlinking: /home/pr/nxpws/install/nxp_cup_interfaces/share/nxp_cup_interfaces/local_setup.dsv
[7.468s] -- Symlinking: /home/pr/nxpws/install/nxp_cup_interfaces/share/nxp_cup_interfaces/package.dsv
[7.478s] -- Symlinking: /home/pr/nxpws/install/nxp_cup_interfaces/share/ament_index/resource_index/packages/nxp_cup_interfaces
[7.487s] -- Symlinking: /home/pr/nxpws/install/nxp_cup_interfaces/share/nxp_cup_interfaces/cmake/rosidl_cmake-extras.cmake
[7.496s] -- Symlinking: /home/pr/nxpws/install/nxp_cup_interfaces/share/nxp_cup_interfaces/cmake/ament_cmake_export_dependencies-extras.cmake
[7.504s] -- Symlinking: /home/pr/nxpws/install/nxp_cup_interfaces/share/nxp_cup_interfaces/cmake/ament_cmake_export_libraries-extras.cmake
[7.513s] -- Symlinking: /home/pr/nxpws/install/nxp_cup_interfaces/share/nxp_cup_interfaces/cmake/ament_cmake_export_targets-extras.cmake
[7.526s] -- Symlinking: /home/pr/nxpws/install/nxp_cup_interfaces/share/nxp_cup_interfaces/cmake/ament_cmake_export_include_directories-extras.cmake
[7.535s] -- Symlinking: /home/pr/nxpws/install/nxp_cup_interfaces/share/nxp_cup_interfaces/cmake/rosidl_cmake_export_typesupport_libraries-extras.cmake
[7.544s] -- Symlinking: /home/pr/nxpws/install/nxp_cup_interfaces/share/nxp_cup_interfaces/cmake/rosidl_cmake_export_typesupport_targets-extras.cmake
[7.554s] -- Symlinking: /home/pr/nxpws/install/nxp_cup_interfaces/share/nxp_cup_interfaces/cmake/nxp_cup_interfacesConfig.cmake
[7.579s] -- Symlinking: /home/pr/nxpws/install/nxp_cup_interfaces/share/nxp_cup_interfaces/cmake/nxp_cup_interfacesConfig-version.cmake
[7.589s] -- Symlinking: /home/pr/nxpws/install/nxp_cup_interfaces/share/nxp_cup_interfaces/package.xml
[7.598s] -- Installing: /home/pr/nxpws/install/nxp_cup_interfaces/lib/libnxp_cup_interfaces__rosidl_generator_c.so
[7.598s] -- Set runtime path of "/home/pr/nxpws/install/nxp_cup_interfaces/lib/libnxp_cup_interfaces__rosidl_generator_c.so" to ""
[7.598s] -- Installing: /home/pr/nxpws/install/nxp_cup_interfaces/lib/libnxp_cup_interfaces__rosidl_typesupport_introspection_c.so
[7.598s] -- Set runtime path of "/home/pr/nxpws/install/nxp_cup_interfaces/lib/libnxp_cup_interfaces__rosidl_typesupport_introspection_c.so" to ""
[7.599s] -- Installing: /home/pr/nxpws/install/nxp_cup_interfaces/lib/libnxp_cup_interfaces__rosidl_typesupport_c.so
[7.599s] -- Set runtime path of "/home/pr/nxpws/install/nxp_cup_interfaces/lib/libnxp_cup_interfaces__rosidl_typesupport_c.so" to ""
[7.599s] -- Installing: /home/pr/nxpws/install/nxp_cup_interfaces/lib/libnxp_cup_interfaces__rosidl_typesupport_introspection_cpp.so
[7.599s] -- Set runtime path of "/home/pr/nxpws/install/nxp_cup_interfaces/lib/libnxp_cup_interfaces__rosidl_typesupport_introspection_cpp.so" to ""
[7.600s] -- Installing: /home/pr/nxpws/install/nxp_cup_interfaces/lib/libnxp_cup_interfaces__rosidl_typesupport_cpp.so
[7.600s] -- Set runtime path of "/home/pr/nxpws/install/nxp_cup_interfaces/lib/libnxp_cup_interfaces__rosidl_typesupport_cpp.so" to ""
[7.633s] Compiling '/home/pr/nxpws/install/nxp_cup_interfaces/lib/python3.8/site-packages/nxp_cup_interfaces/__init__.py'...
[7.638s] -- Installing: /home/pr/nxpws/install/nxp_cup_interfaces/share/nxp_cup_interfaces/cmake/nxp_cup_interfaces__rosidl_generator_cExport.cmake
[7.638s] -- Installing: /home/pr/nxpws/install/nxp_cup_interfaces/share/nxp_cup_interfaces/cmake/nxp_cup_interfaces__rosidl_generator_cExport-noconfig.cmake
[7.638s] -- Installing: /home/pr/nxpws/install/nxp_cup_interfaces/share/nxp_cup_interfaces/cmake/nxp_cup_interfaces__rosidl_typesupport_introspection_cExport.cmake
[7.638s] -- Installing: /home/pr/nxpws/install/nxp_cup_interfaces/share/nxp_cup_interfaces/cmake/nxp_cup_interfaces__rosidl_typesupport_introspection_cExport-noconfig.cmake
[7.639s] -- Installing: /home/pr/nxpws/install/nxp_cup_interfaces/share/nxp_cup_interfaces/cmake/nxp_cup_interfaces__rosidl_typesupport_cExport.cmake
[7.639s] -- Installing: /home/pr/nxpws/install/nxp_cup_interfaces/share/nxp_cup_interfaces/cmake/nxp_cup_interfaces__rosidl_typesupport_cExport-noconfig.cmake
[7.639s] -- Installing: /home/pr/nxpws/install/nxp_cup_interfaces/share/nxp_cup_interfaces/cmake/nxp_cup_interfaces__rosidl_generator_cppExport.cmake
[7.639s] -- Installing: /home/pr/nxpws/install/nxp_cup_interfaces/share/nxp_cup_interfaces/cmake/nxp_cup_interfaces__rosidl_typesupport_introspection_cppExport.cmake
[7.639s] -- Installing: /home/pr/nxpws/install/nxp_cup_interfaces/share/nxp_cup_interfaces/cmake/nxp_cup_interfaces__rosidl_typesupport_introspection_cppExport-noconfig.cmake
[7.640s] -- Installing: /home/pr/nxpws/install/nxp_cup_interfaces/share/nxp_cup_interfaces/cmake/nxp_cup_interfaces__rosidl_typesupport_cppExport.cmake
[7.640s] -- Installing: /home/pr/nxpws/install/nxp_cup_interfaces/share/nxp_cup_interfaces/cmake/nxp_cup_interfaces__rosidl_typesupport_cppExport-noconfig.cmake
[7.645s] Invoked command in '/home/pr/nxpws/build/nxp_cup_interfaces' returned '0': CMAKE_PREFIX_PATH=${CMAKE_PREFIX_PATH}:/home/pr/ros2ws/install/track_follow:/home/pr/ros2ws/install/robo_vision:/home/pr/ros2ws/install/pubsub:/home/pr/ros2ws/install/minipck:/opt/ros/foxy /usr/bin/cmake --install /home/pr/nxpws/build/nxp_cup_interfaces
