[0.034s] Invoking command in '/home/pr/nxpws/build/sim_gazebo_bringup': CMAKE_PREFIX_PATH=${CMAKE_PREFIX_PATH}:/home/pr/ros2ws/install/track_follow:/home/pr/ros2ws/install/robo_vision:/home/pr/ros2ws/install/pubsub:/home/pr/ros2ws/install/minipck:/opt/ros/foxy /usr/bin/cmake --build /home/pr/nxpws/build/sim_gazebo_bringup -- -j8 -l8
[0.076s] Invoked command in '/home/pr/nxpws/build/sim_gazebo_bringup' returned '0': CMAKE_PREFIX_PATH=${CMAKE_PREFIX_PATH}:/home/pr/ros2ws/install/track_follow:/home/pr/ros2ws/install/robo_vision:/home/pr/ros2ws/install/pubsub:/home/pr/ros2ws/install/minipck:/opt/ros/foxy /usr/bin/cmake --build /home/pr/nxpws/build/sim_gazebo_bringup -- -j8 -l8
[0.119s] Invoking command in '/home/pr/nxpws/build/sim_gazebo_bringup': CMAKE_PREFIX_PATH=${CMAKE_PREFIX_PATH}:/home/pr/ros2ws/install/track_follow:/home/pr/ros2ws/install/robo_vision:/home/pr/ros2ws/install/pubsub:/home/pr/ros2ws/install/minipck:/opt/ros/foxy /usr/bin/cmake --install /home/pr/nxpws/build/sim_gazebo_bringup
[0.130s] -- Install configuration: ""
[0.130s] -- Execute custom install script
[0.131s] -- Up-to-date symlink: /home/pr/nxpws/install/sim_gazebo_bringup/share/sim_gazebo_bringup//launch/sim_gazebo.launch.py
[0.132s] -- Up-to-date symlink: /home/pr/nxpws/install/sim_gazebo_bringup/share/ament_index/resource_index/package_run_dependencies/sim_gazebo_bringup
[0.132s] -- Up-to-date symlink: /home/pr/nxpws/install/sim_gazebo_bringup/share/ament_index/resource_index/parent_prefix_path/sim_gazebo_bringup
[0.132s] -- Up-to-date symlink: /home/pr/nxpws/install/sim_gazebo_bringup/share/sim_gazebo_bringup/environment/ament_prefix_path.sh
[0.133s] -- Up-to-date symlink: /home/pr/nxpws/install/sim_gazebo_bringup/share/sim_gazebo_bringup/environment/ament_prefix_path.dsv
[0.133s] -- Up-to-date symlink: /home/pr/nxpws/install/sim_gazebo_bringup/share/sim_gazebo_bringup/environment/path.sh
[0.134s] -- Up-to-date symlink: /home/pr/nxpws/install/sim_gazebo_bringup/share/sim_gazebo_bringup/environment/path.dsv
[0.134s] -- Up-to-date symlink: /home/pr/nxpws/install/sim_gazebo_bringup/share/sim_gazebo_bringup/local_setup.bash
[0.134s] -- Up-to-date symlink: /home/pr/nxpws/install/sim_gazebo_bringup/share/sim_gazebo_bringup/local_setup.sh
[0.135s] -- Up-to-date symlink: /home/pr/nxpws/install/sim_gazebo_bringup/share/sim_gazebo_bringup/local_setup.zsh
[0.135s] -- Up-to-date symlink: /home/pr/nxpws/install/sim_gazebo_bringup/share/sim_gazebo_bringup/local_setup.dsv
[0.136s] -- Symlinking: /home/pr/nxpws/install/sim_gazebo_bringup/share/sim_gazebo_bringup/package.dsv
[0.147s] -- Up-to-date symlink: /home/pr/nxpws/install/sim_gazebo_bringup/share/ament_index/resource_index/packages/sim_gazebo_bringup
[0.147s] -- Up-to-date symlink: /home/pr/nxpws/install/sim_gazebo_bringup/share/sim_gazebo_bringup/cmake/sim_gazebo_bringupConfig.cmake
[0.147s] -- Up-to-date symlink: /home/pr/nxpws/install/sim_gazebo_bringup/share/sim_gazebo_bringup/cmake/sim_gazebo_bringupConfig-version.cmake
[0.147s] -- Up-to-date symlink: /home/pr/nxpws/install/sim_gazebo_bringup/share/sim_gazebo_bringup/package.xml
[0.152s] Invoked command in '/home/pr/nxpws/build/sim_gazebo_bringup' returned '0': CMAKE_PREFIX_PATH=${CMAKE_PREFIX_PATH}:/home/pr/ros2ws/install/track_follow:/home/pr/ros2ws/install/robo_vision:/home/pr/ros2ws/install/pubsub:/home/pr/ros2ws/install/minipck:/opt/ros/foxy /usr/bin/cmake --install /home/pr/nxpws/build/sim_gazebo_bringup
