[0.032s] Invoking command in '/home/pr/nxpws/build/nxp_cup_interfaces': CMAKE_PREFIX_PATH=${CMAKE_PREFIX_PATH}:/home/pr/nxpws/install/nxp_cup_vision:/home/pr/nxpws/install/aim_line_follow:/home/pr/ros2ws/install/track_follow:/home/pr/ros2ws/install/robo_vision:/home/pr/ros2ws/install/pubsub:/home/pr/ros2ws/install/minipck:/opt/ros/foxy /usr/bin/cmake /home/pr/nxpws/src/nxp_cup_interfaces -DAMENT_CMAKE_SYMLINK_INSTALL=1 -DCMAKE_INSTALL_PREFIX=/home/pr/nxpws/install/nxp_cup_interfaces
[0.059s] -- Found ament_cmake: 0.9.8 (/opt/ros/foxy/share/ament_cmake/cmake)
[0.086s] -- Found PythonInterp: /usr/bin/python3 (found suitable version "3.8.10", minimum required is "3") 
[0.087s] -- Using PYTHON_EXECUTABLE: /usr/bin/python3
[0.319s] -- Override CMake install command with custom implementation using symlinks instead of copying resources
[0.329s] -- Found rosidl_default_generators: 1.0.1 (/opt/ros/foxy/share/rosidl_default_generators/cmake)
[0.332s] -- Using all available rosidl_typesupport_c: rosidl_typesupport_fastrtps_c;rosidl_typesupport_introspection_c
[0.335s] -- Found rosidl_adapter: 1.2.1 (/opt/ros/foxy/share/rosidl_adapter/cmake)
[0.473s] -- Using all available rosidl_typesupport_cpp: rosidl_typesupport_fastrtps_cpp;rosidl_typesupport_introspection_cpp
[0.522s] -- Found PythonInterp: /usr/bin/python3 (found version "3.8.10") 
[0.652s] -- Found ament_cmake_ros: 0.9.2 (/opt/ros/foxy/share/ament_cmake_ros/cmake)
[0.745s] -- Using all available rosidl_typesupport_c: rosidl_typesupport_fastrtps_c;rosidl_typesupport_introspection_c
[0.754s] -- Using all available rosidl_typesupport_cpp: rosidl_typesupport_fastrtps_cpp;rosidl_typesupport_introspection_cpp
[0.780s] -- Found PythonInterp: /usr/bin/python3 (found suitable version "3.8.10", minimum required is "3.5") 
[0.780s] -- Found python_cmake_module: 0.8.1 (/opt/ros/foxy/share/python_cmake_module/cmake)
[0.806s] -- Using PYTHON_EXECUTABLE: /usr/bin/python3
[0.806s] -- Using PYTHON_INCLUDE_DIRS: /usr/include/python3.8
[0.806s] -- Using PYTHON_LIBRARIES: /usr/lib/x86_64-linux-gnu/libpython3.8.so
[0.850s] -- Configuring done
[0.881s] -- Generating done
[0.885s] -- Build files have been written to: /home/pr/nxpws/build/nxp_cup_interfaces
[0.892s] Invoked command in '/home/pr/nxpws/build/nxp_cup_interfaces' returned '0': CMAKE_PREFIX_PATH=${CMAKE_PREFIX_PATH}:/home/pr/nxpws/install/nxp_cup_vision:/home/pr/nxpws/install/aim_line_follow:/home/pr/ros2ws/install/track_follow:/home/pr/ros2ws/install/robo_vision:/home/pr/ros2ws/install/pubsub:/home/pr/ros2ws/install/minipck:/opt/ros/foxy /usr/bin/cmake /home/pr/nxpws/src/nxp_cup_interfaces -DAMENT_CMAKE_SYMLINK_INSTALL=1 -DCMAKE_INSTALL_PREFIX=/home/pr/nxpws/install/nxp_cup_interfaces
[0.895s] Invoking command in '/home/pr/nxpws/build/nxp_cup_interfaces': CMAKE_PREFIX_PATH=${CMAKE_PREFIX_PATH}:/home/pr/nxpws/install/nxp_cup_vision:/home/pr/nxpws/install/aim_line_follow:/home/pr/ros2ws/install/track_follow:/home/pr/ros2ws/install/robo_vision:/home/pr/ros2ws/install/pubsub:/home/pr/ros2ws/install/minipck:/opt/ros/foxy /usr/bin/cmake --build /home/pr/nxpws/build/nxp_cup_interfaces -- -j8 -l8
[0.946s] [  2%] Built target nxp_cup_interfaces__cpp
[0.947s] [ 12%] Built target nxp_cup_interfaces__rosidl_generator_c
[0.970s] [ 23%] Built target nxp_cup_interfaces__rosidl_typesupport_introspection_cpp
[0.971s] [ 33%] Built target nxp_cup_interfaces__rosidl_typesupport_cpp
[0.972s] [ 43%] Built target nxp_cup_interfaces__rosidl_typesupport_c
[0.974s] [ 53%] Built target nxp_cup_interfaces__rosidl_typesupport_introspection_c
[0.977s] [ 64%] Built target nxp_cup_interfaces__rosidl_typesupport_fastrtps_cpp
[1.001s] [ 74%] Built target nxp_cup_interfaces__rosidl_typesupport_fastrtps_c
[1.019s] [ 74%] Built target nxp_cup_interfaces
[1.038s] [ 76%] Built target nxp_cup_interfaces__py
[1.062s] [ 84%] Built target nxp_cup_interfaces__python
[1.086s] [100%] Built target nxp_cup_interfaces__rosidl_typesupport_fastrtps_c__pyext
[1.086s] [100%] Built target nxp_cup_interfaces__rosidl_typesupport_introspection_c__pyext
[1.086s] [100%] Built target nxp_cup_interfaces__rosidl_typesupport_c__pyext
[1.097s] Invoked command in '/home/pr/nxpws/build/nxp_cup_interfaces' returned '0': CMAKE_PREFIX_PATH=${CMAKE_PREFIX_PATH}:/home/pr/nxpws/install/nxp_cup_vision:/home/pr/nxpws/install/aim_line_follow:/home/pr/ros2ws/install/track_follow:/home/pr/ros2ws/install/robo_vision:/home/pr/ros2ws/install/pubsub:/home/pr/ros2ws/install/minipck:/opt/ros/foxy /usr/bin/cmake --build /home/pr/nxpws/build/nxp_cup_interfaces -- -j8 -l8
[1.152s] Invoking command in '/home/pr/nxpws/build/nxp_cup_interfaces': CMAKE_PREFIX_PATH=${CMAKE_PREFIX_PATH}:/home/pr/nxpws/install/nxp_cup_vision:/home/pr/nxpws/install/aim_line_follow:/home/pr/ros2ws/install/track_follow:/home/pr/ros2ws/install/robo_vision:/home/pr/ros2ws/install/pubsub:/home/pr/ros2ws/install/minipck:/opt/ros/foxy /usr/bin/cmake --install /home/pr/nxpws/build/nxp_cup_interfaces
[1.160s] -- Install configuration: ""
[1.161s] -- Execute custom install script
[1.161s] -- Up-to-date symlink: /home/pr/nxpws/install/nxp_cup_interfaces/share/ament_index/resource_index/rosidl_interfaces/nxp_cup_interfaces
[1.161s] -- Up-to-date symlink: /home/pr/nxpws/install/nxp_cup_interfaces/include/nxp_cup_interfaces/msg/detail/nxp_aim__functions.h
[1.162s] -- Up-to-date symlink: /home/pr/nxpws/install/nxp_cup_interfaces/include/nxp_cup_interfaces/msg/detail/nxp_aim__struct.h
[1.162s] -- Up-to-date symlink: /home/pr/nxpws/install/nxp_cup_interfaces/include/nxp_cup_interfaces/msg/detail/nxp_aim__type_support.h
[1.162s] -- Up-to-date symlink: /home/pr/nxpws/install/nxp_cup_interfaces/include/nxp_cup_interfaces/msg/detail/pixy_vector__functions.h
[1.162s] -- Up-to-date symlink: /home/pr/nxpws/install/nxp_cup_interfaces/include/nxp_cup_interfaces/msg/detail/pixy_vector__struct.h
[1.163s] -- Up-to-date symlink: /home/pr/nxpws/install/nxp_cup_interfaces/include/nxp_cup_interfaces/msg/detail/pixy_vector__type_support.h
[1.163s] -- Up-to-date symlink: /home/pr/nxpws/install/nxp_cup_interfaces/include/nxp_cup_interfaces/msg/nxp_aim.h
[1.163s] -- Up-to-date symlink: /home/pr/nxpws/install/nxp_cup_interfaces/include/nxp_cup_interfaces/msg/pixy_vector.h
[1.163s] -- Up-to-date symlink: /home/pr/nxpws/install/nxp_cup_interfaces/include/nxp_cup_interfaces/msg/rosidl_generator_c__visibility_control.h
[1.164s] -- Up-to-date symlink: /home/pr/nxpws/install/nxp_cup_interfaces/share/nxp_cup_interfaces/environment/library_path.sh
[1.164s] -- Up-to-date symlink: /home/pr/nxpws/install/nxp_cup_interfaces/share/nxp_cup_interfaces/environment/library_path.dsv
[1.165s] -- Up-to-date symlink: /home/pr/nxpws/install/nxp_cup_interfaces/include/nxp_cup_interfaces/msg/detail/nxp_aim__rosidl_typesupport_fastrtps_c.h
[1.165s] -- Up-to-date symlink: /home/pr/nxpws/install/nxp_cup_interfaces/include/nxp_cup_interfaces/msg/detail/pixy_vector__rosidl_typesupport_fastrtps_c.h
[1.165s] -- Up-to-date symlink: /home/pr/nxpws/install/nxp_cup_interfaces/include/nxp_cup_interfaces/msg/rosidl_typesupport_fastrtps_c__visibility_control.h
[1.165s] -- Up-to-date symlink: /home/pr/nxpws/install/nxp_cup_interfaces/lib/libnxp_cup_interfaces__rosidl_typesupport_fastrtps_c.so
[1.166s] -- Up-to-date symlink: /home/pr/nxpws/install/nxp_cup_interfaces/include/nxp_cup_interfaces/msg/detail/nxp_aim__rosidl_typesupport_fastrtps_cpp.hpp
[1.166s] -- Up-to-date symlink: /home/pr/nxpws/install/nxp_cup_interfaces/include/nxp_cup_interfaces/msg/detail/pixy_vector__rosidl_typesupport_fastrtps_cpp.hpp
[1.166s] -- Up-to-date symlink: /home/pr/nxpws/install/nxp_cup_interfaces/include/nxp_cup_interfaces/msg/rosidl_typesupport_fastrtps_cpp__visibility_control.h
[1.167s] -- Up-to-date symlink: /home/pr/nxpws/install/nxp_cup_interfaces/lib/libnxp_cup_interfaces__rosidl_typesupport_fastrtps_cpp.so
[1.167s] -- Up-to-date symlink: /home/pr/nxpws/install/nxp_cup_interfaces/include/nxp_cup_interfaces/msg/detail/nxp_aim__rosidl_typesupport_introspection_c.h
[1.167s] -- Up-to-date symlink: /home/pr/nxpws/install/nxp_cup_interfaces/include/nxp_cup_interfaces/msg/detail/pixy_vector__rosidl_typesupport_introspection_c.h
[1.168s] -- Up-to-date symlink: /home/pr/nxpws/install/nxp_cup_interfaces/include/nxp_cup_interfaces/msg/rosidl_typesupport_introspection_c__visibility_control.h
[1.168s] -- Up-to-date symlink: /home/pr/nxpws/install/nxp_cup_interfaces/include/nxp_cup_interfaces/msg/detail/nxp_aim__builder.hpp
[1.168s] -- Up-to-date symlink: /home/pr/nxpws/install/nxp_cup_interfaces/include/nxp_cup_interfaces/msg/detail/nxp_aim__struct.hpp
[1.168s] -- Up-to-date symlink: /home/pr/nxpws/install/nxp_cup_interfaces/include/nxp_cup_interfaces/msg/detail/nxp_aim__traits.hpp
[1.169s] -- Up-to-date symlink: /home/pr/nxpws/install/nxp_cup_interfaces/include/nxp_cup_interfaces/msg/detail/pixy_vector__builder.hpp
[1.169s] -- Up-to-date symlink: /home/pr/nxpws/install/nxp_cup_interfaces/include/nxp_cup_interfaces/msg/detail/pixy_vector__struct.hpp
[1.169s] -- Up-to-date symlink: /home/pr/nxpws/install/nxp_cup_interfaces/include/nxp_cup_interfaces/msg/detail/pixy_vector__traits.hpp
[1.169s] -- Up-to-date symlink: /home/pr/nxpws/install/nxp_cup_interfaces/include/nxp_cup_interfaces/msg/nxp_aim.hpp
[1.169s] -- Up-to-date symlink: /home/pr/nxpws/install/nxp_cup_interfaces/include/nxp_cup_interfaces/msg/pixy_vector.hpp
[1.170s] -- Up-to-date symlink: /home/pr/nxpws/install/nxp_cup_interfaces/include/nxp_cup_interfaces/msg/detail/nxp_aim__rosidl_typesupport_introspection_cpp.hpp
[1.170s] -- Up-to-date symlink: /home/pr/nxpws/install/nxp_cup_interfaces/include/nxp_cup_interfaces/msg/detail/pixy_vector__rosidl_typesupport_introspection_cpp.hpp
[1.171s] -- Up-to-date symlink: /home/pr/nxpws/install/nxp_cup_interfaces/share/nxp_cup_interfaces/environment/pythonpath.sh
[1.171s] -- Up-to-date symlink: /home/pr/nxpws/install/nxp_cup_interfaces/share/nxp_cup_interfaces/environment/pythonpath.dsv
[1.171s] -- Up-to-date symlink: /home/pr/nxpws/install/nxp_cup_interfaces/lib/python3.8/site-packages/nxp_cup_interfaces/__init__.py
[1.172s] -- Up-to-date symlink: /home/pr/nxpws/install/nxp_cup_interfaces/lib/python3.8/site-packages/nxp_cup_interfaces/msg/__init__.py
[1.172s] -- Up-to-date symlink: /home/pr/nxpws/install/nxp_cup_interfaces/lib/python3.8/site-packages/nxp_cup_interfaces/msg/_nxp_aim.py
[1.172s] -- Up-to-date symlink: /home/pr/nxpws/install/nxp_cup_interfaces/lib/python3.8/site-packages/nxp_cup_interfaces/msg/_pixy_vector.py
[1.172s] -- Up-to-date symlink: /home/pr/nxpws/install/nxp_cup_interfaces/lib/python3.8/site-packages/nxp_cup_interfaces/nxp_cup_interfaces_s__rosidl_typesupport_fastrtps_c.cpython-38-x86_64-linux-gnu.so
[1.173s] -- Up-to-date symlink: /home/pr/nxpws/install/nxp_cup_interfaces/lib/python3.8/site-packages/nxp_cup_interfaces/nxp_cup_interfaces_s__rosidl_typesupport_introspection_c.cpython-38-x86_64-linux-gnu.so
[1.173s] -- Up-to-date symlink: /home/pr/nxpws/install/nxp_cup_interfaces/lib/python3.8/site-packages/nxp_cup_interfaces/nxp_cup_interfaces_s__rosidl_typesupport_c.cpython-38-x86_64-linux-gnu.so
[1.173s] -- Up-to-date symlink: /home/pr/nxpws/install/nxp_cup_interfaces/lib/libnxp_cup_interfaces__python.so
[1.174s] -- Up-to-date symlink: /home/pr/nxpws/install/nxp_cup_interfaces/share/nxp_cup_interfaces/msg/PixyVector.idl
[1.174s] -- Up-to-date symlink: /home/pr/nxpws/install/nxp_cup_interfaces/share/nxp_cup_interfaces/msg/NxpAim.idl
[1.174s] -- Up-to-date symlink: /home/pr/nxpws/install/nxp_cup_interfaces/share/nxp_cup_interfaces/msg/PixyVector.msg
[1.174s] -- Up-to-date symlink: /home/pr/nxpws/install/nxp_cup_interfaces/share/nxp_cup_interfaces/msg/NxpAim.msg
[1.175s] -- Up-to-date symlink: /home/pr/nxpws/install/nxp_cup_interfaces/share/ament_index/resource_index/package_run_dependencies/nxp_cup_interfaces
[1.175s] -- Up-to-date symlink: /home/pr/nxpws/install/nxp_cup_interfaces/share/ament_index/resource_index/parent_prefix_path/nxp_cup_interfaces
[1.175s] -- Up-to-date symlink: /home/pr/nxpws/install/nxp_cup_interfaces/share/nxp_cup_interfaces/environment/ament_prefix_path.sh
[1.176s] -- Up-to-date symlink: /home/pr/nxpws/install/nxp_cup_interfaces/share/nxp_cup_interfaces/environment/ament_prefix_path.dsv
[1.176s] -- Up-to-date symlink: /home/pr/nxpws/install/nxp_cup_interfaces/share/nxp_cup_interfaces/environment/path.sh
[1.176s] -- Up-to-date symlink: /home/pr/nxpws/install/nxp_cup_interfaces/share/nxp_cup_interfaces/environment/path.dsv
[1.176s] -- Up-to-date symlink: /home/pr/nxpws/install/nxp_cup_interfaces/share/nxp_cup_interfaces/local_setup.bash
[1.177s] -- Up-to-date symlink: /home/pr/nxpws/install/nxp_cup_interfaces/share/nxp_cup_interfaces/local_setup.sh
[1.177s] -- Up-to-date symlink: /home/pr/nxpws/install/nxp_cup_interfaces/share/nxp_cup_interfaces/local_setup.zsh
[1.177s] -- Up-to-date symlink: /home/pr/nxpws/install/nxp_cup_interfaces/share/nxp_cup_interfaces/local_setup.dsv
[1.177s] -- Symlinking: /home/pr/nxpws/install/nxp_cup_interfaces/share/nxp_cup_interfaces/package.dsv
[1.187s] -- Up-to-date symlink: /home/pr/nxpws/install/nxp_cup_interfaces/share/ament_index/resource_index/packages/nxp_cup_interfaces
[1.187s] -- Up-to-date symlink: /home/pr/nxpws/install/nxp_cup_interfaces/share/nxp_cup_interfaces/cmake/rosidl_cmake-extras.cmake
[1.187s] -- Up-to-date symlink: /home/pr/nxpws/install/nxp_cup_interfaces/share/nxp_cup_interfaces/cmake/ament_cmake_export_dependencies-extras.cmake
[1.187s] -- Up-to-date symlink: /home/pr/nxpws/install/nxp_cup_interfaces/share/nxp_cup_interfaces/cmake/ament_cmake_export_libraries-extras.cmake
[1.188s] -- Up-to-date symlink: /home/pr/nxpws/install/nxp_cup_interfaces/share/nxp_cup_interfaces/cmake/ament_cmake_export_targets-extras.cmake
[1.188s] -- Up-to-date symlink: /home/pr/nxpws/install/nxp_cup_interfaces/share/nxp_cup_interfaces/cmake/ament_cmake_export_include_directories-extras.cmake
[1.188s] -- Up-to-date symlink: /home/pr/nxpws/install/nxp_cup_interfaces/share/nxp_cup_interfaces/cmake/rosidl_cmake_export_typesupport_libraries-extras.cmake
[1.189s] -- Up-to-date symlink: /home/pr/nxpws/install/nxp_cup_interfaces/share/nxp_cup_interfaces/cmake/rosidl_cmake_export_typesupport_targets-extras.cmake
[1.189s] -- Up-to-date symlink: /home/pr/nxpws/install/nxp_cup_interfaces/share/nxp_cup_interfaces/cmake/nxp_cup_interfacesConfig.cmake
[1.189s] -- Up-to-date symlink: /home/pr/nxpws/install/nxp_cup_interfaces/share/nxp_cup_interfaces/cmake/nxp_cup_interfacesConfig-version.cmake
[1.189s] -- Up-to-date symlink: /home/pr/nxpws/install/nxp_cup_interfaces/share/nxp_cup_interfaces/package.xml
[1.189s] -- Up-to-date: /home/pr/nxpws/install/nxp_cup_interfaces/lib/libnxp_cup_interfaces__rosidl_generator_c.so
[1.190s] -- Up-to-date: /home/pr/nxpws/install/nxp_cup_interfaces/lib/libnxp_cup_interfaces__rosidl_typesupport_introspection_c.so
[1.190s] -- Up-to-date: /home/pr/nxpws/install/nxp_cup_interfaces/lib/libnxp_cup_interfaces__rosidl_typesupport_c.so
[1.190s] -- Up-to-date: /home/pr/nxpws/install/nxp_cup_interfaces/lib/libnxp_cup_interfaces__rosidl_typesupport_introspection_cpp.so
[1.191s] -- Up-to-date: /home/pr/nxpws/install/nxp_cup_interfaces/lib/libnxp_cup_interfaces__rosidl_typesupport_cpp.so
[1.227s] Compiling '/home/pr/nxpws/install/nxp_cup_interfaces/lib/python3.8/site-packages/nxp_cup_interfaces/__init__.py'...
[1.231s] -- Up-to-date: /home/pr/nxpws/install/nxp_cup_interfaces/share/nxp_cup_interfaces/cmake/nxp_cup_interfaces__rosidl_generator_cExport.cmake
[1.232s] -- Installing: /home/pr/nxpws/install/nxp_cup_interfaces/share/nxp_cup_interfaces/cmake/nxp_cup_interfaces__rosidl_generator_cExport-noconfig.cmake
[1.232s] -- Up-to-date: /home/pr/nxpws/install/nxp_cup_interfaces/share/nxp_cup_interfaces/cmake/nxp_cup_interfaces__rosidl_typesupport_introspection_cExport.cmake
[1.232s] -- Installing: /home/pr/nxpws/install/nxp_cup_interfaces/share/nxp_cup_interfaces/cmake/nxp_cup_interfaces__rosidl_typesupport_introspection_cExport-noconfig.cmake
[1.232s] -- Up-to-date: /home/pr/nxpws/install/nxp_cup_interfaces/share/nxp_cup_interfaces/cmake/nxp_cup_interfaces__rosidl_typesupport_cExport.cmake
[1.232s] -- Installing: /home/pr/nxpws/install/nxp_cup_interfaces/share/nxp_cup_interfaces/cmake/nxp_cup_interfaces__rosidl_typesupport_cExport-noconfig.cmake
[1.233s] -- Up-to-date: /home/pr/nxpws/install/nxp_cup_interfaces/share/nxp_cup_interfaces/cmake/nxp_cup_interfaces__rosidl_generator_cppExport.cmake
[1.233s] -- Up-to-date: /home/pr/nxpws/install/nxp_cup_interfaces/share/nxp_cup_interfaces/cmake/nxp_cup_interfaces__rosidl_typesupport_introspection_cppExport.cmake
[1.233s] -- Installing: /home/pr/nxpws/install/nxp_cup_interfaces/share/nxp_cup_interfaces/cmake/nxp_cup_interfaces__rosidl_typesupport_introspection_cppExport-noconfig.cmake
[1.233s] -- Up-to-date: /home/pr/nxpws/install/nxp_cup_interfaces/share/nxp_cup_interfaces/cmake/nxp_cup_interfaces__rosidl_typesupport_cppExport.cmake
[1.233s] -- Installing: /home/pr/nxpws/install/nxp_cup_interfaces/share/nxp_cup_interfaces/cmake/nxp_cup_interfaces__rosidl_typesupport_cppExport-noconfig.cmake
[1.237s] Invoked command in '/home/pr/nxpws/build/nxp_cup_interfaces' returned '0': CMAKE_PREFIX_PATH=${CMAKE_PREFIX_PATH}:/home/pr/nxpws/install/nxp_cup_vision:/home/pr/nxpws/install/aim_line_follow:/home/pr/ros2ws/install/track_follow:/home/pr/ros2ws/install/robo_vision:/home/pr/ros2ws/install/pubsub:/home/pr/ros2ws/install/minipck:/opt/ros/foxy /usr/bin/cmake --install /home/pr/nxpws/build/nxp_cup_interfaces
