running develop
Removing /home/pr/nxpws/install/nxp_cup_vision/lib/python3.8/site-packages/nxp-cup-vision.egg-link (link to .)
running egg_info
writing ../../build/nxp_cup_vision/nxp_cup_vision.egg-info/PKG-INFO
writing dependency_links to ../../build/nxp_cup_vision/nxp_cup_vision.egg-info/dependency_links.txt
writing entry points to ../../build/nxp_cup_vision/nxp_cup_vision.egg-info/entry_points.txt
writing requirements to ../../build/nxp_cup_vision/nxp_cup_vision.egg-info/requires.txt
writing top-level names to ../../build/nxp_cup_vision/nxp_cup_vision.egg-info/top_level.txt
adding license file 'LICENSE' (matched pattern 'LICEN[CS]E*')
reading manifest file '../../build/nxp_cup_vision/nxp_cup_vision.egg-info/SOURCES.txt'
writing manifest file '../../build/nxp_cup_vision/nxp_cup_vision.egg-info/SOURCES.txt'
running build
running build_py
creating /home/pr/nxpws/build/nxp_cup_vision/build
creating /home/pr/nxpws/build/nxp_cup_vision/build/lib
creating /home/pr/nxpws/build/nxp_cup_vision/build/lib/nxp_cup_vision
copying nxp_cup_vision/__init__.py -> /home/pr/nxpws/build/nxp_cup_vision/build/lib/nxp_cup_vision
copying nxp_cup_vision/nxp_track_vision.py -> /home/pr/nxpws/build/nxp_cup_vision/build/lib/nxp_cup_vision
running install
running install_lib
creating /home/pr/nxpws/install/nxp_cup_vision/lib/python3.8/site-packages/nxp_cup_vision
copying /home/pr/nxpws/build/nxp_cup_vision/build/lib/nxp_cup_vision/__init__.py -> /home/pr/nxpws/install/nxp_cup_vision/lib/python3.8/site-packages/nxp_cup_vision
copying /home/pr/nxpws/build/nxp_cup_vision/build/lib/nxp_cup_vision/nxp_track_vision.py -> /home/pr/nxpws/install/nxp_cup_vision/lib/python3.8/site-packages/nxp_cup_vision
byte-compiling /home/pr/nxpws/install/nxp_cup_vision/lib/python3.8/site-packages/nxp_cup_vision/__init__.py to __init__.cpython-38.pyc
byte-compiling /home/pr/nxpws/install/nxp_cup_vision/lib/python3.8/site-packages/nxp_cup_vision/nxp_track_vision.py to nxp_track_vision.cpython-38.pyc
running install_data
running install_egg_info
Copying ../../build/nxp_cup_vision/nxp_cup_vision.egg-info to /home/pr/nxpws/install/nxp_cup_vision/lib/python3.8/site-packages/nxp_cup_vision-0.0.1-py3.8.egg-info
running install_scripts
Installing nxp_track_vision script to /home/pr/nxpws/install/nxp_cup_vision/lib/nxp_cup_vision
writing list of installed files to '/home/pr/nxpws/build/nxp_cup_vision/install.log'
