[0.659s] Invoking command in '/home/pr/nxpws/build/aim_line_follow': CMAKE_PREFIX_PATH=/home/pr/nxpws/install/nxp_cup_interfaces:/home/pr/nxpws/install/sim_gazebo_bringup:/home/pr/ros2ws/install/sim_gazebo_bringup:/home/pr/ros2ws/install/robo_interfaces PYTHONPATH=/home/pr/nxpws/install/aim_line_follow/lib/python3.8/site-packages:/home/pr/nxpws/install/nxp_cup_interfaces/lib/python3.8/site-packages:/home/pr/nxpws/build/nxp_cup_vision:/home/pr/nxpws/install/nxp_cup_vision/lib/python3.8/site-packages:/home/pr/nxpws/build/aim_line_follow:/home/pr/nxpws/install/aim_line_follow/lib/python3.8/site-packages:/home/pr/ros2ws/install/track_follow/lib/python3.8/site-packages:/home/pr/ros2ws/install/robo_vision/lib/python3.8/site-packages:/home/pr/ros2ws/install/robo_interfaces/lib/python3.8/site-packages:/home/pr/ros2ws/install/pubsub/lib/python3.8/site-packages:/home/pr/ros2ws/install/minipck/lib/python3.8/site-packages:/opt/ros/foxy/lib/python3.8/site-packages /usr/bin/python3 setup.py develop --prefix /home/pr/nxpws/install/aim_line_follow --uninstall --editable --build-directory /home/pr/nxpws/build/aim_line_follow/build
[0.914s] running develop
[1.049s] Removing /home/pr/nxpws/install/aim_line_follow/lib/python3.8/site-packages/aim-line-follow.egg-link (link to .)
[1.073s] Invoked command in '/home/pr/nxpws/build/aim_line_follow' returned '0': CMAKE_PREFIX_PATH=/home/pr/nxpws/install/nxp_cup_interfaces:/home/pr/nxpws/install/sim_gazebo_bringup:/home/pr/ros2ws/install/sim_gazebo_bringup:/home/pr/ros2ws/install/robo_interfaces PYTHONPATH=/home/pr/nxpws/install/aim_line_follow/lib/python3.8/site-packages:/home/pr/nxpws/install/nxp_cup_interfaces/lib/python3.8/site-packages:/home/pr/nxpws/build/nxp_cup_vision:/home/pr/nxpws/install/nxp_cup_vision/lib/python3.8/site-packages:/home/pr/nxpws/build/aim_line_follow:/home/pr/nxpws/install/aim_line_follow/lib/python3.8/site-packages:/home/pr/ros2ws/install/track_follow/lib/python3.8/site-packages:/home/pr/ros2ws/install/robo_vision/lib/python3.8/site-packages:/home/pr/ros2ws/install/robo_interfaces/lib/python3.8/site-packages:/home/pr/ros2ws/install/pubsub/lib/python3.8/site-packages:/home/pr/ros2ws/install/minipck/lib/python3.8/site-packages:/opt/ros/foxy/lib/python3.8/site-packages /usr/bin/python3 setup.py develop --prefix /home/pr/nxpws/install/aim_line_follow --uninstall --editable --build-directory /home/pr/nxpws/build/aim_line_follow/build
[1.075s] Invoking command in '/home/pr/nxpws/src/aim_line_follow': CMAKE_PREFIX_PATH=/home/pr/nxpws/install/nxp_cup_interfaces:/home/pr/nxpws/install/sim_gazebo_bringup:/home/pr/ros2ws/install/sim_gazebo_bringup:/home/pr/ros2ws/install/robo_interfaces PYTHONPATH=/home/pr/nxpws/install/aim_line_follow/lib/python3.8/site-packages:/home/pr/nxpws/install/nxp_cup_interfaces/lib/python3.8/site-packages:/home/pr/nxpws/build/nxp_cup_vision:/home/pr/nxpws/install/nxp_cup_vision/lib/python3.8/site-packages:/home/pr/nxpws/build/aim_line_follow:/home/pr/nxpws/install/aim_line_follow/lib/python3.8/site-packages:/home/pr/ros2ws/install/track_follow/lib/python3.8/site-packages:/home/pr/ros2ws/install/robo_vision/lib/python3.8/site-packages:/home/pr/ros2ws/install/robo_interfaces/lib/python3.8/site-packages:/home/pr/ros2ws/install/pubsub/lib/python3.8/site-packages:/home/pr/ros2ws/install/minipck/lib/python3.8/site-packages:/opt/ros/foxy/lib/python3.8/site-packages /usr/bin/python3 setup.py egg_info --egg-base ../../build/aim_line_follow build --build-base /home/pr/nxpws/build/aim_line_follow/build install --prefix /home/pr/nxpws/install/aim_line_follow --record /home/pr/nxpws/build/aim_line_follow/install.log --single-version-externally-managed
[1.312s] running egg_info
[1.313s] writing ../../build/aim_line_follow/aim_line_follow.egg-info/PKG-INFO
[1.313s] writing dependency_links to ../../build/aim_line_follow/aim_line_follow.egg-info/dependency_links.txt
[1.313s] writing entry points to ../../build/aim_line_follow/aim_line_follow.egg-info/entry_points.txt
[1.313s] writing requirements to ../../build/aim_line_follow/aim_line_follow.egg-info/requires.txt
[1.313s] writing top-level names to ../../build/aim_line_follow/aim_line_follow.egg-info/top_level.txt
[1.347s] adding license file 'LICENSE' (matched pattern 'LICEN[CS]E*')
[1.347s] reading manifest file '../../build/aim_line_follow/aim_line_follow.egg-info/SOURCES.txt'
[1.348s] writing manifest file '../../build/aim_line_follow/aim_line_follow.egg-info/SOURCES.txt'
[1.349s] running build
[1.349s] running build_py
[1.349s] creating /home/pr/nxpws/build/aim_line_follow/build
[1.349s] creating /home/pr/nxpws/build/aim_line_follow/build/lib
[1.349s] creating /home/pr/nxpws/build/aim_line_follow/build/lib/aim_line_follow
[1.349s] copying aim_line_follow/image_processing.py -> /home/pr/nxpws/build/aim_line_follow/build/lib/aim_line_follow
[1.350s] copying aim_line_follow/aim_line_follow.py -> /home/pr/nxpws/build/aim_line_follow/build/lib/aim_line_follow
[1.350s] copying aim_line_follow/__init__.py -> /home/pr/nxpws/build/aim_line_follow/build/lib/aim_line_follow
[1.350s] running install
[1.350s] running install_lib
[1.351s] creating /home/pr/nxpws/install/aim_line_follow/lib/python3.8/site-packages/aim_line_follow
[1.351s] copying /home/pr/nxpws/build/aim_line_follow/build/lib/aim_line_follow/image_processing.py -> /home/pr/nxpws/install/aim_line_follow/lib/python3.8/site-packages/aim_line_follow
[1.351s] copying /home/pr/nxpws/build/aim_line_follow/build/lib/aim_line_follow/aim_line_follow.py -> /home/pr/nxpws/install/aim_line_follow/lib/python3.8/site-packages/aim_line_follow
[1.351s] copying /home/pr/nxpws/build/aim_line_follow/build/lib/aim_line_follow/__init__.py -> /home/pr/nxpws/install/aim_line_follow/lib/python3.8/site-packages/aim_line_follow
[1.351s] byte-compiling /home/pr/nxpws/install/aim_line_follow/lib/python3.8/site-packages/aim_line_follow/image_processing.py to image_processing.cpython-38.pyc
[1.353s] byte-compiling /home/pr/nxpws/install/aim_line_follow/lib/python3.8/site-packages/aim_line_follow/aim_line_follow.py to aim_line_follow.cpython-38.pyc
[1.355s] byte-compiling /home/pr/nxpws/install/aim_line_follow/lib/python3.8/site-packages/aim_line_follow/__init__.py to __init__.cpython-38.pyc
[1.355s] running install_data
[1.356s] running install_egg_info
[1.357s] Copying ../../build/aim_line_follow/aim_line_follow.egg-info to /home/pr/nxpws/install/aim_line_follow/lib/python3.8/site-packages/aim_line_follow-0.0.1-py3.8.egg-info
[1.358s] running install_scripts
[1.372s] Installing image_processing script to /home/pr/nxpws/install/aim_line_follow/lib/aim_line_follow
[1.373s] Installing line_follower script to /home/pr/nxpws/install/aim_line_follow/lib/aim_line_follow
[1.373s] writing list of installed files to '/home/pr/nxpws/build/aim_line_follow/install.log'
[1.404s] Invoked command in '/home/pr/nxpws/src/aim_line_follow' returned '0': CMAKE_PREFIX_PATH=/home/pr/nxpws/install/nxp_cup_interfaces:/home/pr/nxpws/install/sim_gazebo_bringup:/home/pr/ros2ws/install/sim_gazebo_bringup:/home/pr/ros2ws/install/robo_interfaces PYTHONPATH=/home/pr/nxpws/install/aim_line_follow/lib/python3.8/site-packages:/home/pr/nxpws/install/nxp_cup_interfaces/lib/python3.8/site-packages:/home/pr/nxpws/build/nxp_cup_vision:/home/pr/nxpws/install/nxp_cup_vision/lib/python3.8/site-packages:/home/pr/nxpws/build/aim_line_follow:/home/pr/nxpws/install/aim_line_follow/lib/python3.8/site-packages:/home/pr/ros2ws/install/track_follow/lib/python3.8/site-packages:/home/pr/ros2ws/install/robo_vision/lib/python3.8/site-packages:/home/pr/ros2ws/install/robo_interfaces/lib/python3.8/site-packages:/home/pr/ros2ws/install/pubsub/lib/python3.8/site-packages:/home/pr/ros2ws/install/minipck/lib/python3.8/site-packages:/opt/ros/foxy/lib/python3.8/site-packages /usr/bin/python3 setup.py egg_info --egg-base ../../build/aim_line_follow build --build-base /home/pr/nxpws/build/aim_line_follow/build install --prefix /home/pr/nxpws/install/aim_line_follow --record /home/pr/nxpws/build/aim_line_follow/install.log --single-version-externally-managed
