[0.038s] Invoking command in '/home/pr/nxpws/build/nxp_cup_interfaces': CMAKE_PREFIX_PATH=${CMAKE_PREFIX_PATH}:/home/pr/nxpws/install/nxp_cup_vision:/home/pr/nxpws/install/aim_line_follow:/home/pr/ros2ws/install/track_follow:/home/pr/ros2ws/install/robo_vision:/home/pr/ros2ws/install/pubsub:/home/pr/ros2ws/install/minipck:/opt/ros/foxy /usr/bin/cmake --build /home/pr/nxpws/build/nxp_cup_interfaces -- -j8 -l8
[0.099s] [  2%] Built target nxp_cup_interfaces__cpp
[0.100s] [ 12%] Built target nxp_cup_interfaces__rosidl_generator_c
[0.128s] [ 23%] Built target nxp_cup_interfaces__rosidl_typesupport_c
[0.136s] [ 33%] Built target nxp_cup_interfaces__rosidl_typesupport_cpp
[0.137s] [ 43%] Built target nxp_cup_interfaces__rosidl_typesupport_introspection_c
[0.140s] [ 53%] Built target nxp_cup_interfaces__rosidl_typesupport_introspection_cpp
[0.142s] [ 64%] Built target nxp_cup_interfaces__rosidl_typesupport_fastrtps_cpp
[0.173s] [ 74%] Built target nxp_cup_interfaces__rosidl_typesupport_fastrtps_c
[0.189s] [ 74%] Built target nxp_cup_interfaces
[0.208s] [ 76%] Built target nxp_cup_interfaces__py
[0.235s] [ 84%] Built target nxp_cup_interfaces__python
[0.259s] [ 94%] Built target nxp_cup_interfaces__rosidl_typesupport_introspection_c__pyext
[0.260s] [ 94%] Built target nxp_cup_interfaces__rosidl_typesupport_fastrtps_c__pyext
[0.260s] [100%] Built target nxp_cup_interfaces__rosidl_typesupport_c__pyext
[0.272s] Invoked command in '/home/pr/nxpws/build/nxp_cup_interfaces' returned '0': CMAKE_PREFIX_PATH=${CMAKE_PREFIX_PATH}:/home/pr/nxpws/install/nxp_cup_vision:/home/pr/nxpws/install/aim_line_follow:/home/pr/ros2ws/install/track_follow:/home/pr/ros2ws/install/robo_vision:/home/pr/ros2ws/install/pubsub:/home/pr/ros2ws/install/minipck:/opt/ros/foxy /usr/bin/cmake --build /home/pr/nxpws/build/nxp_cup_interfaces -- -j8 -l8
[0.321s] Invoking command in '/home/pr/nxpws/build/nxp_cup_interfaces': CMAKE_PREFIX_PATH=${CMAKE_PREFIX_PATH}:/home/pr/nxpws/install/nxp_cup_vision:/home/pr/nxpws/install/aim_line_follow:/home/pr/ros2ws/install/track_follow:/home/pr/ros2ws/install/robo_vision:/home/pr/ros2ws/install/pubsub:/home/pr/ros2ws/install/minipck:/opt/ros/foxy /usr/bin/cmake --install /home/pr/nxpws/build/nxp_cup_interfaces
[0.330s] -- Install configuration: ""
[0.330s] -- Execute custom install script
[0.331s] -- Up-to-date symlink: /home/pr/nxpws/install/nxp_cup_interfaces/share/ament_index/resource_index/rosidl_interfaces/nxp_cup_interfaces
[0.331s] -- Up-to-date symlink: /home/pr/nxpws/install/nxp_cup_interfaces/include/nxp_cup_interfaces/msg/detail/nxp_aim__functions.h
[0.332s] -- Up-to-date symlink: /home/pr/nxpws/install/nxp_cup_interfaces/include/nxp_cup_interfaces/msg/detail/nxp_aim__struct.h
[0.332s] -- Up-to-date symlink: /home/pr/nxpws/install/nxp_cup_interfaces/include/nxp_cup_interfaces/msg/detail/nxp_aim__type_support.h
[0.333s] -- Up-to-date symlink: /home/pr/nxpws/install/nxp_cup_interfaces/include/nxp_cup_interfaces/msg/detail/pixy_vector__functions.h
[0.333s] -- Up-to-date symlink: /home/pr/nxpws/install/nxp_cup_interfaces/include/nxp_cup_interfaces/msg/detail/pixy_vector__struct.h
[0.333s] -- Up-to-date symlink: /home/pr/nxpws/install/nxp_cup_interfaces/include/nxp_cup_interfaces/msg/detail/pixy_vector__type_support.h
[0.333s] -- Up-to-date symlink: /home/pr/nxpws/install/nxp_cup_interfaces/include/nxp_cup_interfaces/msg/nxp_aim.h
[0.333s] -- Up-to-date symlink: /home/pr/nxpws/install/nxp_cup_interfaces/include/nxp_cup_interfaces/msg/pixy_vector.h
[0.333s] -- Up-to-date symlink: /home/pr/nxpws/install/nxp_cup_interfaces/include/nxp_cup_interfaces/msg/rosidl_generator_c__visibility_control.h
[0.333s] -- Up-to-date symlink: /home/pr/nxpws/install/nxp_cup_interfaces/share/nxp_cup_interfaces/environment/library_path.sh
[0.334s] -- Up-to-date symlink: /home/pr/nxpws/install/nxp_cup_interfaces/share/nxp_cup_interfaces/environment/library_path.dsv
[0.334s] -- Up-to-date symlink: /home/pr/nxpws/install/nxp_cup_interfaces/include/nxp_cup_interfaces/msg/detail/nxp_aim__rosidl_typesupport_fastrtps_c.h
[0.334s] -- Up-to-date symlink: /home/pr/nxpws/install/nxp_cup_interfaces/include/nxp_cup_interfaces/msg/detail/pixy_vector__rosidl_typesupport_fastrtps_c.h
[0.335s] -- Up-to-date symlink: /home/pr/nxpws/install/nxp_cup_interfaces/include/nxp_cup_interfaces/msg/rosidl_typesupport_fastrtps_c__visibility_control.h
[0.335s] -- Up-to-date symlink: /home/pr/nxpws/install/nxp_cup_interfaces/lib/libnxp_cup_interfaces__rosidl_typesupport_fastrtps_c.so
[0.336s] -- Up-to-date symlink: /home/pr/nxpws/install/nxp_cup_interfaces/include/nxp_cup_interfaces/msg/detail/nxp_aim__rosidl_typesupport_fastrtps_cpp.hpp
[0.336s] -- Up-to-date symlink: /home/pr/nxpws/install/nxp_cup_interfaces/include/nxp_cup_interfaces/msg/detail/pixy_vector__rosidl_typesupport_fastrtps_cpp.hpp
[0.336s] -- Up-to-date symlink: /home/pr/nxpws/install/nxp_cup_interfaces/include/nxp_cup_interfaces/msg/rosidl_typesupport_fastrtps_cpp__visibility_control.h
[0.336s] -- Up-to-date symlink: /home/pr/nxpws/install/nxp_cup_interfaces/lib/libnxp_cup_interfaces__rosidl_typesupport_fastrtps_cpp.so
[0.337s] -- Up-to-date symlink: /home/pr/nxpws/install/nxp_cup_interfaces/include/nxp_cup_interfaces/msg/detail/nxp_aim__rosidl_typesupport_introspection_c.h
[0.337s] -- Up-to-date symlink: /home/pr/nxpws/install/nxp_cup_interfaces/include/nxp_cup_interfaces/msg/detail/pixy_vector__rosidl_typesupport_introspection_c.h
[0.337s] -- Up-to-date symlink: /home/pr/nxpws/install/nxp_cup_interfaces/include/nxp_cup_interfaces/msg/rosidl_typesupport_introspection_c__visibility_control.h
[0.338s] -- Up-to-date symlink: /home/pr/nxpws/install/nxp_cup_interfaces/include/nxp_cup_interfaces/msg/detail/nxp_aim__builder.hpp
[0.338s] -- Up-to-date symlink: /home/pr/nxpws/install/nxp_cup_interfaces/include/nxp_cup_interfaces/msg/detail/nxp_aim__struct.hpp
[0.338s] -- Up-to-date symlink: /home/pr/nxpws/install/nxp_cup_interfaces/include/nxp_cup_interfaces/msg/detail/nxp_aim__traits.hpp
[0.338s] -- Up-to-date symlink: /home/pr/nxpws/install/nxp_cup_interfaces/include/nxp_cup_interfaces/msg/detail/pixy_vector__builder.hpp
[0.338s] -- Up-to-date symlink: /home/pr/nxpws/install/nxp_cup_interfaces/include/nxp_cup_interfaces/msg/detail/pixy_vector__struct.hpp
[0.338s] -- Up-to-date symlink: /home/pr/nxpws/install/nxp_cup_interfaces/include/nxp_cup_interfaces/msg/detail/pixy_vector__traits.hpp
[0.339s] -- Up-to-date symlink: /home/pr/nxpws/install/nxp_cup_interfaces/include/nxp_cup_interfaces/msg/nxp_aim.hpp
[0.339s] -- Up-to-date symlink: /home/pr/nxpws/install/nxp_cup_interfaces/include/nxp_cup_interfaces/msg/pixy_vector.hpp
[0.339s] -- Up-to-date symlink: /home/pr/nxpws/install/nxp_cup_interfaces/include/nxp_cup_interfaces/msg/detail/nxp_aim__rosidl_typesupport_introspection_cpp.hpp
[0.340s] -- Up-to-date symlink: /home/pr/nxpws/install/nxp_cup_interfaces/include/nxp_cup_interfaces/msg/detail/pixy_vector__rosidl_typesupport_introspection_cpp.hpp
[0.340s] -- Up-to-date symlink: /home/pr/nxpws/install/nxp_cup_interfaces/share/nxp_cup_interfaces/environment/pythonpath.sh
[0.340s] -- Up-to-date symlink: /home/pr/nxpws/install/nxp_cup_interfaces/share/nxp_cup_interfaces/environment/pythonpath.dsv
[0.340s] -- Up-to-date symlink: /home/pr/nxpws/install/nxp_cup_interfaces/lib/python3.8/site-packages/nxp_cup_interfaces/__init__.py
[0.341s] -- Up-to-date symlink: /home/pr/nxpws/install/nxp_cup_interfaces/lib/python3.8/site-packages/nxp_cup_interfaces/msg/__init__.py
[0.341s] -- Up-to-date symlink: /home/pr/nxpws/install/nxp_cup_interfaces/lib/python3.8/site-packages/nxp_cup_interfaces/msg/_nxp_aim.py
[0.341s] -- Up-to-date symlink: /home/pr/nxpws/install/nxp_cup_interfaces/lib/python3.8/site-packages/nxp_cup_interfaces/msg/_pixy_vector.py
[0.341s] -- Up-to-date symlink: /home/pr/nxpws/install/nxp_cup_interfaces/lib/python3.8/site-packages/nxp_cup_interfaces/nxp_cup_interfaces_s__rosidl_typesupport_fastrtps_c.cpython-38-x86_64-linux-gnu.so
[0.342s] -- Up-to-date symlink: /home/pr/nxpws/install/nxp_cup_interfaces/lib/python3.8/site-packages/nxp_cup_interfaces/nxp_cup_interfaces_s__rosidl_typesupport_introspection_c.cpython-38-x86_64-linux-gnu.so
[0.342s] -- Up-to-date symlink: /home/pr/nxpws/install/nxp_cup_interfaces/lib/python3.8/site-packages/nxp_cup_interfaces/nxp_cup_interfaces_s__rosidl_typesupport_c.cpython-38-x86_64-linux-gnu.so
[0.342s] -- Up-to-date symlink: /home/pr/nxpws/install/nxp_cup_interfaces/lib/libnxp_cup_interfaces__python.so
[0.343s] -- Up-to-date symlink: /home/pr/nxpws/install/nxp_cup_interfaces/share/nxp_cup_interfaces/msg/PixyVector.idl
[0.343s] -- Up-to-date symlink: /home/pr/nxpws/install/nxp_cup_interfaces/share/nxp_cup_interfaces/msg/NxpAim.idl
[0.343s] -- Up-to-date symlink: /home/pr/nxpws/install/nxp_cup_interfaces/share/nxp_cup_interfaces/msg/PixyVector.msg
[0.343s] -- Up-to-date symlink: /home/pr/nxpws/install/nxp_cup_interfaces/share/nxp_cup_interfaces/msg/NxpAim.msg
[0.344s] -- Up-to-date symlink: /home/pr/nxpws/install/nxp_cup_interfaces/share/ament_index/resource_index/package_run_dependencies/nxp_cup_interfaces
[0.344s] -- Up-to-date symlink: /home/pr/nxpws/install/nxp_cup_interfaces/share/ament_index/resource_index/parent_prefix_path/nxp_cup_interfaces
[0.344s] -- Up-to-date symlink: /home/pr/nxpws/install/nxp_cup_interfaces/share/nxp_cup_interfaces/environment/ament_prefix_path.sh
[0.344s] -- Up-to-date symlink: /home/pr/nxpws/install/nxp_cup_interfaces/share/nxp_cup_interfaces/environment/ament_prefix_path.dsv
[0.345s] -- Up-to-date symlink: /home/pr/nxpws/install/nxp_cup_interfaces/share/nxp_cup_interfaces/environment/path.sh
[0.345s] -- Up-to-date symlink: /home/pr/nxpws/install/nxp_cup_interfaces/share/nxp_cup_interfaces/environment/path.dsv
[0.345s] -- Up-to-date symlink: /home/pr/nxpws/install/nxp_cup_interfaces/share/nxp_cup_interfaces/local_setup.bash
[0.346s] -- Up-to-date symlink: /home/pr/nxpws/install/nxp_cup_interfaces/share/nxp_cup_interfaces/local_setup.sh
[0.346s] -- Up-to-date symlink: /home/pr/nxpws/install/nxp_cup_interfaces/share/nxp_cup_interfaces/local_setup.zsh
[0.346s] -- Up-to-date symlink: /home/pr/nxpws/install/nxp_cup_interfaces/share/nxp_cup_interfaces/local_setup.dsv
[0.347s] -- Symlinking: /home/pr/nxpws/install/nxp_cup_interfaces/share/nxp_cup_interfaces/package.dsv
[0.356s] -- Up-to-date symlink: /home/pr/nxpws/install/nxp_cup_interfaces/share/ament_index/resource_index/packages/nxp_cup_interfaces
[0.356s] -- Up-to-date symlink: /home/pr/nxpws/install/nxp_cup_interfaces/share/nxp_cup_interfaces/cmake/rosidl_cmake-extras.cmake
[0.356s] -- Up-to-date symlink: /home/pr/nxpws/install/nxp_cup_interfaces/share/nxp_cup_interfaces/cmake/ament_cmake_export_dependencies-extras.cmake
[0.357s] -- Up-to-date symlink: /home/pr/nxpws/install/nxp_cup_interfaces/share/nxp_cup_interfaces/cmake/ament_cmake_export_libraries-extras.cmake
[0.357s] -- Up-to-date symlink: /home/pr/nxpws/install/nxp_cup_interfaces/share/nxp_cup_interfaces/cmake/ament_cmake_export_targets-extras.cmake
[0.357s] -- Up-to-date symlink: /home/pr/nxpws/install/nxp_cup_interfaces/share/nxp_cup_interfaces/cmake/ament_cmake_export_include_directories-extras.cmake
[0.357s] -- Up-to-date symlink: /home/pr/nxpws/install/nxp_cup_interfaces/share/nxp_cup_interfaces/cmake/rosidl_cmake_export_typesupport_libraries-extras.cmake
[0.358s] -- Up-to-date symlink: /home/pr/nxpws/install/nxp_cup_interfaces/share/nxp_cup_interfaces/cmake/rosidl_cmake_export_typesupport_targets-extras.cmake
[0.358s] -- Up-to-date symlink: /home/pr/nxpws/install/nxp_cup_interfaces/share/nxp_cup_interfaces/cmake/nxp_cup_interfacesConfig.cmake
[0.358s] -- Up-to-date symlink: /home/pr/nxpws/install/nxp_cup_interfaces/share/nxp_cup_interfaces/cmake/nxp_cup_interfacesConfig-version.cmake
[0.358s] -- Up-to-date symlink: /home/pr/nxpws/install/nxp_cup_interfaces/share/nxp_cup_interfaces/package.xml
[0.358s] -- Up-to-date: /home/pr/nxpws/install/nxp_cup_interfaces/lib/libnxp_cup_interfaces__rosidl_generator_c.so
[0.359s] -- Up-to-date: /home/pr/nxpws/install/nxp_cup_interfaces/lib/libnxp_cup_interfaces__rosidl_typesupport_introspection_c.so
[0.359s] -- Up-to-date: /home/pr/nxpws/install/nxp_cup_interfaces/lib/libnxp_cup_interfaces__rosidl_typesupport_c.so
[0.359s] -- Up-to-date: /home/pr/nxpws/install/nxp_cup_interfaces/lib/libnxp_cup_interfaces__rosidl_typesupport_introspection_cpp.so
[0.360s] -- Up-to-date: /home/pr/nxpws/install/nxp_cup_interfaces/lib/libnxp_cup_interfaces__rosidl_typesupport_cpp.so
[0.395s] -- Up-to-date: /home/pr/nxpws/install/nxp_cup_interfaces/share/nxp_cup_interfaces/cmake/nxp_cup_interfaces__rosidl_generator_cExport.cmake
[0.395s] -- Up-to-date: /home/pr/nxpws/install/nxp_cup_interfaces/share/nxp_cup_interfaces/cmake/nxp_cup_interfaces__rosidl_generator_cExport-noconfig.cmake
[0.395s] -- Up-to-date: /home/pr/nxpws/install/nxp_cup_interfaces/share/nxp_cup_interfaces/cmake/nxp_cup_interfaces__rosidl_typesupport_introspection_cExport.cmake
[0.395s] -- Up-to-date: /home/pr/nxpws/install/nxp_cup_interfaces/share/nxp_cup_interfaces/cmake/nxp_cup_interfaces__rosidl_typesupport_introspection_cExport-noconfig.cmake
[0.396s] -- Up-to-date: /home/pr/nxpws/install/nxp_cup_interfaces/share/nxp_cup_interfaces/cmake/nxp_cup_interfaces__rosidl_typesupport_cExport.cmake
[0.396s] -- Up-to-date: /home/pr/nxpws/install/nxp_cup_interfaces/share/nxp_cup_interfaces/cmake/nxp_cup_interfaces__rosidl_typesupport_cExport-noconfig.cmake
[0.396s] -- Up-to-date: /home/pr/nxpws/install/nxp_cup_interfaces/share/nxp_cup_interfaces/cmake/nxp_cup_interfaces__rosidl_generator_cppExport.cmake
[0.396s] -- Up-to-date: /home/pr/nxpws/install/nxp_cup_interfaces/share/nxp_cup_interfaces/cmake/nxp_cup_interfaces__rosidl_typesupport_introspection_cppExport.cmake
[0.396s] -- Up-to-date: /home/pr/nxpws/install/nxp_cup_interfaces/share/nxp_cup_interfaces/cmake/nxp_cup_interfaces__rosidl_typesupport_introspection_cppExport-noconfig.cmake
[0.396s] -- Up-to-date: /home/pr/nxpws/install/nxp_cup_interfaces/share/nxp_cup_interfaces/cmake/nxp_cup_interfaces__rosidl_typesupport_cppExport.cmake
[0.396s] -- Up-to-date: /home/pr/nxpws/install/nxp_cup_interfaces/share/nxp_cup_interfaces/cmake/nxp_cup_interfaces__rosidl_typesupport_cppExport-noconfig.cmake
[0.400s] Invoked command in '/home/pr/nxpws/build/nxp_cup_interfaces' returned '0': CMAKE_PREFIX_PATH=${CMAKE_PREFIX_PATH}:/home/pr/nxpws/install/nxp_cup_vision:/home/pr/nxpws/install/aim_line_follow:/home/pr/ros2ws/install/track_follow:/home/pr/ros2ws/install/robo_vision:/home/pr/ros2ws/install/pubsub:/home/pr/ros2ws/install/minipck:/opt/ros/foxy /usr/bin/cmake --install /home/pr/nxpws/build/nxp_cup_interfaces
