[0.024s] Invoking command in '/home/pr/nxpws/build/animated_person_xDir': /usr/bin/cmake /home/pr/nxpws/nxp_gazebo/custom_pluggins/person_animation_x_dir -DCMAKE_INSTALL_PREFIX=/home/pr/nxpws/install/animated_person_xDir
[0.174s] -- The C compiler identification is GNU 9.3.0
[0.280s] -- The CXX compiler identification is GNU 9.3.0
[0.287s] -- Check for working C compiler: /usr/bin/cc
[0.370s] -- Check for working C compiler: /usr/bin/cc -- works
[0.372s] -- Detecting C compiler ABI info
[0.443s] -- Detecting C compiler ABI info - done
[0.466s] -- Detecting C compile features
[0.467s] -- Detecting C compile features - done
[0.472s] -- Check for working CXX compiler: /usr/bin/c++
[0.569s] -- Check for working CXX compiler: /usr/bin/c++ -- works
[0.569s] -- Detecting CXX compiler ABI info
[0.671s] -- Detecting CXX compiler ABI info - done
[0.694s] -- Detecting CXX compile features
[0.696s] -- Detecting CXX compile features - done
[0.709s] -- Found PkgConfig: /usr/bin/pkg-config (found version "0.29.1") 
[0.716s] -- Checking for module 'bullet>=2.82'
[0.735s] --   Found bullet, version 2.88
[0.893s] -- Found ccd: /usr/include (found suitable version "2.0", minimum required is "2.0") 
[0.966s] -- Found fcl: /usr/include (found suitable version "0.5.0", minimum required is "0.3.2") 
[1.047s] -- Found assimp: /usr/include (found version "5.0.0") 
[1.082s] -- Found DART: /usr/include (Required is at least version "6.6") found components: dart 
[1.536s] -- Found Boost: /usr/lib/x86_64-linux-gnu/cmake/Boost-1.71.0/BoostConfig.cmake (found suitable version "1.71.0", minimum required is "1.40.0") found components: thread system filesystem program_options regex iostreams date_time 
[1.563s] -- Found Protobuf: /usr/lib/x86_64-linux-gnu/libprotobuf.so;-lpthread (found version "3.6.1") 
[1.568s] -- Looking for ignition-math6 -- found version 6.8.0
[1.574s] -- Searching for dependencies of ignition-math6
[1.582s] -- Looking for OGRE...
[1.582s] -- OGRE_PREFIX_WATCH changed.
[1.583s] -- Checking for module 'OGRE'
[1.601s] --   Found OGRE, version 1.9.0
[1.642s] -- Found Ogre Ghadamon (1.9.0)
[1.652s] -- Found OGRE: optimized;/usr/lib/x86_64-linux-gnu/libOgreMain.so;debug;/usr/lib/x86_64-linux-gnu/libOgreMain.so
[1.668s] -- Looking for OGRE_Paging...
[1.677s] -- Found OGRE_Paging: optimized;/usr/lib/x86_64-linux-gnu/libOgrePaging.so;debug;/usr/lib/x86_64-linux-gnu/libOgrePaging.so
[1.677s] -- Looking for OGRE_Terrain...
[1.685s] -- Found OGRE_Terrain: optimized;/usr/lib/x86_64-linux-gnu/libOgreTerrain.so;debug;/usr/lib/x86_64-linux-gnu/libOgreTerrain.so
[1.685s] -- Looking for OGRE_Property...
[1.692s] -- Found OGRE_Property: optimized;/usr/lib/x86_64-linux-gnu/libOgreProperty.so;debug;/usr/lib/x86_64-linux-gnu/libOgreProperty.so
[1.693s] -- Looking for OGRE_RTShaderSystem...
[1.701s] -- Found OGRE_RTShaderSystem: optimized;/usr/lib/x86_64-linux-gnu/libOgreRTShaderSystem.so;debug;/usr/lib/x86_64-linux-gnu/libOgreRTShaderSystem.so
[1.701s] -- Looking for OGRE_Volume...
[1.709s] -- Found OGRE_Volume: optimized;/usr/lib/x86_64-linux-gnu/libOgreVolume.so;debug;/usr/lib/x86_64-linux-gnu/libOgreVolume.so
[1.710s] -- Looking for OGRE_Overlay...
[1.716s] -- Found OGRE_Overlay: optimized;/usr/lib/x86_64-linux-gnu/libOgreOverlay.so;debug;/usr/lib/x86_64-linux-gnu/libOgreOverlay.so
[1.873s] -- Looking for ignition-math6 -- found version 6.8.0
[1.875s] -- Looking for ignition-transport8 -- found version 8.2.0
[1.875s] -- Searching for dependencies of ignition-transport8
[1.895s] -- Found Protobuf: /usr/lib/x86_64-linux-gnu/libprotobuf.so;-lpthread (found suitable version "3.6.1", minimum required is "3") 
[1.910s] -- Config-file not installed for ZeroMQ -- checking for pkg-config
[1.916s] -- Checking for module 'libzmq >= 4'
[1.933s] --   Found libzmq , version 4.3.2
[1.981s] -- Found ZeroMQ: TRUE (Required is at least version "4") 
[1.988s] -- Checking for module 'uuid'
[2.004s] --   Found uuid, version 2.34.0
[2.054s] -- Found UUID: TRUE  
[2.056s] -- Looking for ignition-msgs5 -- found version 5.7.0
[2.057s] -- Searching for dependencies of ignition-msgs5
[2.085s] -- Looking for ignition-math6 -- found version 6.8.0
[2.092s] -- Checking for module 'tinyxml2'
[2.111s] --   Found tinyxml2, version 6.2.0
[2.158s] -- Looking for ignition-msgs5 -- found version 5.7.0
[2.161s] -- Looking for ignition-common3 -- found version 3.13.1
[2.161s] -- Searching for dependencies of ignition-common3
[2.162s] -- Looking for dlfcn.h - found
[2.163s] -- Looking for libdl - found
[2.168s] -- Found DL: TRUE  
[2.173s] -- Searching for <ignition-common3> component [graphics]
[2.175s] -- Looking for ignition-common3-graphics -- found version 3.13.1
[2.176s] -- Searching for dependencies of ignition-common3-graphics
[2.176s] -- Looking for ignition-math6 -- found version 6.8.0
[2.180s] -- Looking for ignition-fuel_tools4 -- found version 4.3.0
[2.183s] -- Searching for dependencies of ignition-fuel_tools4
[2.277s] -- Found CURL: /usr/lib/x86_64-linux-gnu/libcurl.so (found version "7.68.0")  
[2.287s] -- Checking for module 'jsoncpp'
[2.307s] --   Found jsoncpp, version 1.7.4
[2.360s] -- Found JSONCPP: TRUE  
[2.369s] -- Checking for module 'libzip'
[2.390s] --   Found libzip, version 1.5.1
[2.437s] -- Found ZIP: TRUE  
[2.437s] -- Looking for ignition-common3 -- found version 3.13.1
[2.438s] -- Looking for ignition-msgs5 -- found version 5.7.0
[2.444s] -- Configuring done
[2.464s] -- Generating done
[2.466s] -- Build files have been written to: /home/pr/nxpws/build/animated_person_xDir
[2.478s] Invoked command in '/home/pr/nxpws/build/animated_person_xDir' returned '0': /usr/bin/cmake /home/pr/nxpws/nxp_gazebo/custom_pluggins/person_animation_x_dir -DCMAKE_INSTALL_PREFIX=/home/pr/nxpws/install/animated_person_xDir
[2.481s] Invoking command in '/home/pr/nxpws/build/animated_person_xDir': /usr/bin/cmake --build /home/pr/nxpws/build/animated_person_xDir -- -j8 -l8
[2.524s] [35m[1mScanning dependencies of target animated_person_xDir[0m
[2.784s] [ 50%] [32mBuilding CXX object CMakeFiles/animated_person_xDir.dir/animated_person_xDir.cc.o[0m
[14.054s] [100%] [32m[1mLinking CXX shared library libanimated_person_xDir.so[0m
[14.323s] [100%] Built target animated_person_xDir
[14.333s] Invoked command in '/home/pr/nxpws/build/animated_person_xDir' returned '0': /usr/bin/cmake --build /home/pr/nxpws/build/animated_person_xDir -- -j8 -l8
