[0.592s] Invoking command in '/home/pr/nxpws/build/aim_line_follow': CMAKE_PREFIX_PATH=/home/pr/nxpws/install/nxp_cup_interfaces:/home/pr/nxpws/install/sim_gazebo_bringup:/home/pr/ros2ws/install/sim_gazebo_bringup:/home/pr/ros2ws/install/robo_interfaces PYTHONPATH=/home/pr/nxpws/install/aim_line_follow/lib/python3.8/site-packages:/home/pr/nxpws/install/nxp_cup_interfaces/lib/python3.8/site-packages:/home/pr/nxpws/build/nxp_cup_vision:/home/pr/nxpws/install/nxp_cup_vision/lib/python3.8/site-packages:/home/pr/nxpws/build/aim_line_follow:/home/pr/nxpws/install/aim_line_follow/lib/python3.8/site-packages:/home/pr/ros2ws/install/track_follow/lib/python3.8/site-packages:/home/pr/ros2ws/install/robo_vision/lib/python3.8/site-packages:/home/pr/ros2ws/install/robo_interfaces/lib/python3.8/site-packages:/home/pr/ros2ws/install/pubsub/lib/python3.8/site-packages:/home/pr/ros2ws/install/minipck/lib/python3.8/site-packages:/opt/ros/foxy/lib/python3.8/site-packages /usr/bin/python3 setup.py develop --prefix /home/pr/nxpws/install/aim_line_follow --uninstall --editable --build-directory /home/pr/nxpws/build/aim_line_follow/build
[0.879s] running develop
[1.071s] Invoked command in '/home/pr/nxpws/build/aim_line_follow' returned '0': CMAKE_PREFIX_PATH=/home/pr/nxpws/install/nxp_cup_interfaces:/home/pr/nxpws/install/sim_gazebo_bringup:/home/pr/ros2ws/install/sim_gazebo_bringup:/home/pr/ros2ws/install/robo_interfaces PYTHONPATH=/home/pr/nxpws/install/aim_line_follow/lib/python3.8/site-packages:/home/pr/nxpws/install/nxp_cup_interfaces/lib/python3.8/site-packages:/home/pr/nxpws/build/nxp_cup_vision:/home/pr/nxpws/install/nxp_cup_vision/lib/python3.8/site-packages:/home/pr/nxpws/build/aim_line_follow:/home/pr/nxpws/install/aim_line_follow/lib/python3.8/site-packages:/home/pr/ros2ws/install/track_follow/lib/python3.8/site-packages:/home/pr/ros2ws/install/robo_vision/lib/python3.8/site-packages:/home/pr/ros2ws/install/robo_interfaces/lib/python3.8/site-packages:/home/pr/ros2ws/install/pubsub/lib/python3.8/site-packages:/home/pr/ros2ws/install/minipck/lib/python3.8/site-packages:/opt/ros/foxy/lib/python3.8/site-packages /usr/bin/python3 setup.py develop --prefix /home/pr/nxpws/install/aim_line_follow --uninstall --editable --build-directory /home/pr/nxpws/build/aim_line_follow/build
[1.072s] Invoking command in '/home/pr/nxpws/src/aim_line_follow': CMAKE_PREFIX_PATH=/home/pr/nxpws/install/nxp_cup_interfaces:/home/pr/nxpws/install/sim_gazebo_bringup:/home/pr/ros2ws/install/sim_gazebo_bringup:/home/pr/ros2ws/install/robo_interfaces PYTHONPATH=/home/pr/nxpws/install/aim_line_follow/lib/python3.8/site-packages:/home/pr/nxpws/install/nxp_cup_interfaces/lib/python3.8/site-packages:/home/pr/nxpws/build/nxp_cup_vision:/home/pr/nxpws/install/nxp_cup_vision/lib/python3.8/site-packages:/home/pr/nxpws/build/aim_line_follow:/home/pr/nxpws/install/aim_line_follow/lib/python3.8/site-packages:/home/pr/ros2ws/install/track_follow/lib/python3.8/site-packages:/home/pr/ros2ws/install/robo_vision/lib/python3.8/site-packages:/home/pr/ros2ws/install/robo_interfaces/lib/python3.8/site-packages:/home/pr/ros2ws/install/pubsub/lib/python3.8/site-packages:/home/pr/ros2ws/install/minipck/lib/python3.8/site-packages:/opt/ros/foxy/lib/python3.8/site-packages /usr/bin/python3 setup.py egg_info --egg-base ../../build/aim_line_follow build --build-base /home/pr/nxpws/build/aim_line_follow/build install --prefix /home/pr/nxpws/install/aim_line_follow --record /home/pr/nxpws/build/aim_line_follow/install.log --single-version-externally-managed
[1.325s] running egg_info
[1.325s] writing ../../build/aim_line_follow/aim_line_follow.egg-info/PKG-INFO
[1.325s] writing dependency_links to ../../build/aim_line_follow/aim_line_follow.egg-info/dependency_links.txt
[1.326s] writing entry points to ../../build/aim_line_follow/aim_line_follow.egg-info/entry_points.txt
[1.326s] writing requirements to ../../build/aim_line_follow/aim_line_follow.egg-info/requires.txt
[1.326s] writing top-level names to ../../build/aim_line_follow/aim_line_follow.egg-info/top_level.txt
[1.363s] adding license file 'LICENSE' (matched pattern 'LICEN[CS]E*')
[1.364s] reading manifest file '../../build/aim_line_follow/aim_line_follow.egg-info/SOURCES.txt'
[1.365s] writing manifest file '../../build/aim_line_follow/aim_line_follow.egg-info/SOURCES.txt'
[1.365s] running build
[1.365s] running build_py
[1.365s] copying aim_line_follow/aim_line_follow.py -> /home/pr/nxpws/build/aim_line_follow/build/lib/aim_line_follow
[1.365s] running install
[1.366s] running install_lib
[1.367s] copying /home/pr/nxpws/build/aim_line_follow/build/lib/aim_line_follow/aim_line_follow.py -> /home/pr/nxpws/install/aim_line_follow/lib/python3.8/site-packages/aim_line_follow
[1.367s] byte-compiling /home/pr/nxpws/install/aim_line_follow/lib/python3.8/site-packages/aim_line_follow/aim_line_follow.py to aim_line_follow.cpython-38.pyc
[1.370s] running install_data
[1.371s] running install_egg_info
[1.373s] removing '/home/pr/nxpws/install/aim_line_follow/lib/python3.8/site-packages/aim_line_follow-0.0.1-py3.8.egg-info' (and everything under it)
[1.373s] Copying ../../build/aim_line_follow/aim_line_follow.egg-info to /home/pr/nxpws/install/aim_line_follow/lib/python3.8/site-packages/aim_line_follow-0.0.1-py3.8.egg-info
[1.374s] running install_scripts
[1.391s] Installing image_processing script to /home/pr/nxpws/install/aim_line_follow/lib/aim_line_follow
[1.391s] Installing line_follower script to /home/pr/nxpws/install/aim_line_follow/lib/aim_line_follow
[1.391s] writing list of installed files to '/home/pr/nxpws/build/aim_line_follow/install.log'
[1.418s] Invoked command in '/home/pr/nxpws/src/aim_line_follow' returned '0': CMAKE_PREFIX_PATH=/home/pr/nxpws/install/nxp_cup_interfaces:/home/pr/nxpws/install/sim_gazebo_bringup:/home/pr/ros2ws/install/sim_gazebo_bringup:/home/pr/ros2ws/install/robo_interfaces PYTHONPATH=/home/pr/nxpws/install/aim_line_follow/lib/python3.8/site-packages:/home/pr/nxpws/install/nxp_cup_interfaces/lib/python3.8/site-packages:/home/pr/nxpws/build/nxp_cup_vision:/home/pr/nxpws/install/nxp_cup_vision/lib/python3.8/site-packages:/home/pr/nxpws/build/aim_line_follow:/home/pr/nxpws/install/aim_line_follow/lib/python3.8/site-packages:/home/pr/ros2ws/install/track_follow/lib/python3.8/site-packages:/home/pr/ros2ws/install/robo_vision/lib/python3.8/site-packages:/home/pr/ros2ws/install/robo_interfaces/lib/python3.8/site-packages:/home/pr/ros2ws/install/pubsub/lib/python3.8/site-packages:/home/pr/ros2ws/install/minipck/lib/python3.8/site-packages:/opt/ros/foxy/lib/python3.8/site-packages /usr/bin/python3 setup.py egg_info --egg-base ../../build/aim_line_follow build --build-base /home/pr/nxpws/build/aim_line_follow/build install --prefix /home/pr/nxpws/install/aim_line_follow --record /home/pr/nxpws/build/aim_line_follow/install.log --single-version-externally-managed
