[0.035s] Invoking command in '/home/pr/nxpws/build/sim_gazebo_bringup': CMAKE_PREFIX_PATH=${CMAKE_PREFIX_PATH}:/home/pr/nxpws/install/nxp_cup_vision:/home/pr/nxpws/install/aim_line_follow:/home/pr/ros2ws/install/track_follow:/home/pr/ros2ws/install/robo_vision:/home/pr/ros2ws/install/pubsub:/home/pr/ros2ws/install/minipck:/opt/ros/foxy /usr/bin/cmake /home/pr/nxpws/src/sim_gazebo_bringup -DCMAKE_INSTALL_PREFIX=/home/pr/nxpws/install/sim_gazebo_bringup
[0.054s] -- Found ament_cmake: 0.9.8 (/opt/ros/foxy/share/ament_cmake/cmake)
[0.091s] -- Using PYTHON_EXECUTABLE: /usr/bin/python3
[0.319s] -- Override CMake install command with custom implementation using symlinks instead of copying resources
[0.409s] -- Configuring done
[0.412s] -- Generating done
[0.413s] -- Build files have been written to: /home/pr/nxpws/build/sim_gazebo_bringup
[0.416s] Invoked command in '/home/pr/nxpws/build/sim_gazebo_bringup' returned '0': CMAKE_PREFIX_PATH=${CMAKE_PREFIX_PATH}:/home/pr/nxpws/install/nxp_cup_vision:/home/pr/nxpws/install/aim_line_follow:/home/pr/ros2ws/install/track_follow:/home/pr/ros2ws/install/robo_vision:/home/pr/ros2ws/install/pubsub:/home/pr/ros2ws/install/minipck:/opt/ros/foxy /usr/bin/cmake /home/pr/nxpws/src/sim_gazebo_bringup -DCMAKE_INSTALL_PREFIX=/home/pr/nxpws/install/sim_gazebo_bringup
[0.418s] Invoking command in '/home/pr/nxpws/build/sim_gazebo_bringup': CMAKE_PREFIX_PATH=${CMAKE_PREFIX_PATH}:/home/pr/nxpws/install/nxp_cup_vision:/home/pr/nxpws/install/aim_line_follow:/home/pr/ros2ws/install/track_follow:/home/pr/ros2ws/install/robo_vision:/home/pr/ros2ws/install/pubsub:/home/pr/ros2ws/install/minipck:/opt/ros/foxy /usr/bin/cmake --build /home/pr/nxpws/build/sim_gazebo_bringup -- -j8 -l8
[0.460s] Invoked command in '/home/pr/nxpws/build/sim_gazebo_bringup' returned '0': CMAKE_PREFIX_PATH=${CMAKE_PREFIX_PATH}:/home/pr/nxpws/install/nxp_cup_vision:/home/pr/nxpws/install/aim_line_follow:/home/pr/ros2ws/install/track_follow:/home/pr/ros2ws/install/robo_vision:/home/pr/ros2ws/install/pubsub:/home/pr/ros2ws/install/minipck:/opt/ros/foxy /usr/bin/cmake --build /home/pr/nxpws/build/sim_gazebo_bringup -- -j8 -l8
[0.491s] Invoking command in '/home/pr/nxpws/build/sim_gazebo_bringup': CMAKE_PREFIX_PATH=${CMAKE_PREFIX_PATH}:/home/pr/nxpws/install/nxp_cup_vision:/home/pr/nxpws/install/aim_line_follow:/home/pr/ros2ws/install/track_follow:/home/pr/ros2ws/install/robo_vision:/home/pr/ros2ws/install/pubsub:/home/pr/ros2ws/install/minipck:/opt/ros/foxy /usr/bin/cmake --install /home/pr/nxpws/build/sim_gazebo_bringup
[0.501s] -- Install configuration: ""
[0.501s] -- Execute custom install script
[0.501s] -- Up-to-date symlink: /home/pr/nxpws/install/sim_gazebo_bringup/share/sim_gazebo_bringup//launch/sim_gazebo.launch.py
[0.502s] -- Up-to-date symlink: /home/pr/nxpws/install/sim_gazebo_bringup/share/ament_index/resource_index/package_run_dependencies/sim_gazebo_bringup
[0.502s] -- Up-to-date symlink: /home/pr/nxpws/install/sim_gazebo_bringup/share/ament_index/resource_index/parent_prefix_path/sim_gazebo_bringup
[0.502s] -- Up-to-date symlink: /home/pr/nxpws/install/sim_gazebo_bringup/share/sim_gazebo_bringup/environment/ament_prefix_path.sh
[0.503s] -- Up-to-date symlink: /home/pr/nxpws/install/sim_gazebo_bringup/share/sim_gazebo_bringup/environment/ament_prefix_path.dsv
[0.503s] -- Up-to-date symlink: /home/pr/nxpws/install/sim_gazebo_bringup/share/sim_gazebo_bringup/environment/path.sh
[0.503s] -- Up-to-date symlink: /home/pr/nxpws/install/sim_gazebo_bringup/share/sim_gazebo_bringup/environment/path.dsv
[0.504s] -- Up-to-date symlink: /home/pr/nxpws/install/sim_gazebo_bringup/share/sim_gazebo_bringup/local_setup.bash
[0.504s] -- Up-to-date symlink: /home/pr/nxpws/install/sim_gazebo_bringup/share/sim_gazebo_bringup/local_setup.sh
[0.504s] -- Up-to-date symlink: /home/pr/nxpws/install/sim_gazebo_bringup/share/sim_gazebo_bringup/local_setup.zsh
[0.504s] -- Up-to-date symlink: /home/pr/nxpws/install/sim_gazebo_bringup/share/sim_gazebo_bringup/local_setup.dsv
[0.504s] -- Symlinking: /home/pr/nxpws/install/sim_gazebo_bringup/share/sim_gazebo_bringup/package.dsv
[0.513s] -- Up-to-date symlink: /home/pr/nxpws/install/sim_gazebo_bringup/share/ament_index/resource_index/packages/sim_gazebo_bringup
[0.514s] -- Up-to-date symlink: /home/pr/nxpws/install/sim_gazebo_bringup/share/sim_gazebo_bringup/cmake/sim_gazebo_bringupConfig.cmake
[0.514s] -- Up-to-date symlink: /home/pr/nxpws/install/sim_gazebo_bringup/share/sim_gazebo_bringup/cmake/sim_gazebo_bringupConfig-version.cmake
[0.514s] -- Up-to-date symlink: /home/pr/nxpws/install/sim_gazebo_bringup/share/sim_gazebo_bringup/package.xml
[0.517s] Invoked command in '/home/pr/nxpws/build/sim_gazebo_bringup' returned '0': CMAKE_PREFIX_PATH=${CMAKE_PREFIX_PATH}:/home/pr/nxpws/install/nxp_cup_vision:/home/pr/nxpws/install/aim_line_follow:/home/pr/ros2ws/install/track_follow:/home/pr/ros2ws/install/robo_vision:/home/pr/ros2ws/install/pubsub:/home/pr/ros2ws/install/minipck:/opt/ros/foxy /usr/bin/cmake --install /home/pr/nxpws/build/sim_gazebo_bringup
