[0.525s] Invoking command in '/home/pr/nxpws/build/nxp_cup_vision': CMAKE_PREFIX_PATH=/home/pr/nxpws/install/nxp_cup_interfaces:/home/pr/nxpws/install/sim_gazebo_bringup:/home/pr/ros2ws/install/sim_gazebo_bringup:/home/pr/ros2ws/install/robo_interfaces PYTHONPATH=/home/pr/nxpws/install/nxp_cup_vision/lib/python3.8/site-packages:/home/pr/nxpws/install/nxp_cup_interfaces/lib/python3.8/site-packages:/home/pr/nxpws/build/nxp_cup_vision:/home/pr/nxpws/install/nxp_cup_vision/lib/python3.8/site-packages:/home/pr/nxpws/build/aim_line_follow:/home/pr/nxpws/install/aim_line_follow/lib/python3.8/site-packages:/home/pr/ros2ws/install/track_follow/lib/python3.8/site-packages:/home/pr/ros2ws/install/robo_vision/lib/python3.8/site-packages:/home/pr/ros2ws/install/robo_interfaces/lib/python3.8/site-packages:/home/pr/ros2ws/install/pubsub/lib/python3.8/site-packages:/home/pr/ros2ws/install/minipck/lib/python3.8/site-packages:/opt/ros/foxy/lib/python3.8/site-packages /usr/bin/python3 setup.py develop --prefix /home/pr/nxpws/install/nxp_cup_vision --uninstall --editable --build-directory /home/pr/nxpws/build/nxp_cup_vision/build
[0.778s] running develop
[0.943s] Invoked command in '/home/pr/nxpws/build/nxp_cup_vision' returned '0': CMAKE_PREFIX_PATH=/home/pr/nxpws/install/nxp_cup_interfaces:/home/pr/nxpws/install/sim_gazebo_bringup:/home/pr/ros2ws/install/sim_gazebo_bringup:/home/pr/ros2ws/install/robo_interfaces PYTHONPATH=/home/pr/nxpws/install/nxp_cup_vision/lib/python3.8/site-packages:/home/pr/nxpws/install/nxp_cup_interfaces/lib/python3.8/site-packages:/home/pr/nxpws/build/nxp_cup_vision:/home/pr/nxpws/install/nxp_cup_vision/lib/python3.8/site-packages:/home/pr/nxpws/build/aim_line_follow:/home/pr/nxpws/install/aim_line_follow/lib/python3.8/site-packages:/home/pr/ros2ws/install/track_follow/lib/python3.8/site-packages:/home/pr/ros2ws/install/robo_vision/lib/python3.8/site-packages:/home/pr/ros2ws/install/robo_interfaces/lib/python3.8/site-packages:/home/pr/ros2ws/install/pubsub/lib/python3.8/site-packages:/home/pr/ros2ws/install/minipck/lib/python3.8/site-packages:/opt/ros/foxy/lib/python3.8/site-packages /usr/bin/python3 setup.py develop --prefix /home/pr/nxpws/install/nxp_cup_vision --uninstall --editable --build-directory /home/pr/nxpws/build/nxp_cup_vision/build
[0.944s] Invoking command in '/home/pr/nxpws/src/nxp_cup_vision': CMAKE_PREFIX_PATH=/home/pr/nxpws/install/nxp_cup_interfaces:/home/pr/nxpws/install/sim_gazebo_bringup:/home/pr/ros2ws/install/sim_gazebo_bringup:/home/pr/ros2ws/install/robo_interfaces PYTHONPATH=/home/pr/nxpws/install/nxp_cup_vision/lib/python3.8/site-packages:/home/pr/nxpws/install/nxp_cup_interfaces/lib/python3.8/site-packages:/home/pr/nxpws/build/nxp_cup_vision:/home/pr/nxpws/install/nxp_cup_vision/lib/python3.8/site-packages:/home/pr/nxpws/build/aim_line_follow:/home/pr/nxpws/install/aim_line_follow/lib/python3.8/site-packages:/home/pr/ros2ws/install/track_follow/lib/python3.8/site-packages:/home/pr/ros2ws/install/robo_vision/lib/python3.8/site-packages:/home/pr/ros2ws/install/robo_interfaces/lib/python3.8/site-packages:/home/pr/ros2ws/install/pubsub/lib/python3.8/site-packages:/home/pr/ros2ws/install/minipck/lib/python3.8/site-packages:/opt/ros/foxy/lib/python3.8/site-packages /usr/bin/python3 setup.py egg_info --egg-base ../../build/nxp_cup_vision build --build-base /home/pr/nxpws/build/nxp_cup_vision/build install --prefix /home/pr/nxpws/install/nxp_cup_vision --record /home/pr/nxpws/build/nxp_cup_vision/install.log --single-version-externally-managed
[1.199s] running egg_info
[1.199s] writing ../../build/nxp_cup_vision/nxp_cup_vision.egg-info/PKG-INFO
[1.199s] writing dependency_links to ../../build/nxp_cup_vision/nxp_cup_vision.egg-info/dependency_links.txt
[1.199s] writing entry points to ../../build/nxp_cup_vision/nxp_cup_vision.egg-info/entry_points.txt
[1.200s] writing requirements to ../../build/nxp_cup_vision/nxp_cup_vision.egg-info/requires.txt
[1.200s] writing top-level names to ../../build/nxp_cup_vision/nxp_cup_vision.egg-info/top_level.txt
[1.233s] adding license file 'LICENSE' (matched pattern 'LICEN[CS]E*')
[1.233s] reading manifest file '../../build/nxp_cup_vision/nxp_cup_vision.egg-info/SOURCES.txt'
[1.234s] writing manifest file '../../build/nxp_cup_vision/nxp_cup_vision.egg-info/SOURCES.txt'
[1.234s] running build
[1.234s] running build_py
[1.234s] running install
[1.235s] running install_lib
[1.236s] running install_data
[1.237s] running install_egg_info
[1.239s] removing '/home/pr/nxpws/install/nxp_cup_vision/lib/python3.8/site-packages/nxp_cup_vision-0.0.1-py3.8.egg-info' (and everything under it)
[1.239s] Copying ../../build/nxp_cup_vision/nxp_cup_vision.egg-info to /home/pr/nxpws/install/nxp_cup_vision/lib/python3.8/site-packages/nxp_cup_vision-0.0.1-py3.8.egg-info
[1.240s] running install_scripts
[1.256s] Installing nxp_track_vision script to /home/pr/nxpws/install/nxp_cup_vision/lib/nxp_cup_vision
[1.257s] writing list of installed files to '/home/pr/nxpws/build/nxp_cup_vision/install.log'
[1.279s] Invoked command in '/home/pr/nxpws/src/nxp_cup_vision' returned '0': CMAKE_PREFIX_PATH=/home/pr/nxpws/install/nxp_cup_interfaces:/home/pr/nxpws/install/sim_gazebo_bringup:/home/pr/ros2ws/install/sim_gazebo_bringup:/home/pr/ros2ws/install/robo_interfaces PYTHONPATH=/home/pr/nxpws/install/nxp_cup_vision/lib/python3.8/site-packages:/home/pr/nxpws/install/nxp_cup_interfaces/lib/python3.8/site-packages:/home/pr/nxpws/build/nxp_cup_vision:/home/pr/nxpws/install/nxp_cup_vision/lib/python3.8/site-packages:/home/pr/nxpws/build/aim_line_follow:/home/pr/nxpws/install/aim_line_follow/lib/python3.8/site-packages:/home/pr/ros2ws/install/track_follow/lib/python3.8/site-packages:/home/pr/ros2ws/install/robo_vision/lib/python3.8/site-packages:/home/pr/ros2ws/install/robo_interfaces/lib/python3.8/site-packages:/home/pr/ros2ws/install/pubsub/lib/python3.8/site-packages:/home/pr/ros2ws/install/minipck/lib/python3.8/site-packages:/opt/ros/foxy/lib/python3.8/site-packages /usr/bin/python3 setup.py egg_info --egg-base ../../build/nxp_cup_vision build --build-base /home/pr/nxpws/build/nxp_cup_vision/build install --prefix /home/pr/nxpws/install/nxp_cup_vision --record /home/pr/nxpws/build/nxp_cup_vision/install.log --single-version-externally-managed
