[0.622s] Invoking command in '/home/pr/nxpws/build/nxp_cup_vision': CMAKE_PREFIX_PATH=/home/pr/nxpws/install/nxp_cup_interfaces:/home/pr/nxpws/install/sim_gazebo_bringup:/home/pr/ros2ws/install/sim_gazebo_bringup:/home/pr/ros2ws/install/robo_interfaces PYTHONPATH=/home/pr/nxpws/install/nxp_cup_vision/lib/python3.8/site-packages:/home/pr/nxpws/install/nxp_cup_interfaces/lib/python3.8/site-packages:/home/pr/nxpws/build/nxp_cup_vision:/home/pr/nxpws/install/nxp_cup_vision/lib/python3.8/site-packages:/home/pr/nxpws/build/aim_line_follow:/home/pr/nxpws/install/aim_line_follow/lib/python3.8/site-packages:/home/pr/ros2ws/install/track_follow/lib/python3.8/site-packages:/home/pr/ros2ws/install/robo_vision/lib/python3.8/site-packages:/home/pr/ros2ws/install/robo_interfaces/lib/python3.8/site-packages:/home/pr/ros2ws/install/pubsub/lib/python3.8/site-packages:/home/pr/ros2ws/install/minipck/lib/python3.8/site-packages:/opt/ros/foxy/lib/python3.8/site-packages /usr/bin/python3 setup.py develop --prefix /home/pr/nxpws/install/nxp_cup_vision --uninstall --editable --build-directory /home/pr/nxpws/build/nxp_cup_vision/build
[0.920s] running develop
[1.090s] Removing /home/pr/nxpws/install/nxp_cup_vision/lib/python3.8/site-packages/nxp-cup-vision.egg-link (link to .)
[1.115s] Invoked command in '/home/pr/nxpws/build/nxp_cup_vision' returned '0': CMAKE_PREFIX_PATH=/home/pr/nxpws/install/nxp_cup_interfaces:/home/pr/nxpws/install/sim_gazebo_bringup:/home/pr/ros2ws/install/sim_gazebo_bringup:/home/pr/ros2ws/install/robo_interfaces PYTHONPATH=/home/pr/nxpws/install/nxp_cup_vision/lib/python3.8/site-packages:/home/pr/nxpws/install/nxp_cup_interfaces/lib/python3.8/site-packages:/home/pr/nxpws/build/nxp_cup_vision:/home/pr/nxpws/install/nxp_cup_vision/lib/python3.8/site-packages:/home/pr/nxpws/build/aim_line_follow:/home/pr/nxpws/install/aim_line_follow/lib/python3.8/site-packages:/home/pr/ros2ws/install/track_follow/lib/python3.8/site-packages:/home/pr/ros2ws/install/robo_vision/lib/python3.8/site-packages:/home/pr/ros2ws/install/robo_interfaces/lib/python3.8/site-packages:/home/pr/ros2ws/install/pubsub/lib/python3.8/site-packages:/home/pr/ros2ws/install/minipck/lib/python3.8/site-packages:/opt/ros/foxy/lib/python3.8/site-packages /usr/bin/python3 setup.py develop --prefix /home/pr/nxpws/install/nxp_cup_vision --uninstall --editable --build-directory /home/pr/nxpws/build/nxp_cup_vision/build
[1.116s] Invoking command in '/home/pr/nxpws/src/nxp_cup_vision': CMAKE_PREFIX_PATH=/home/pr/nxpws/install/nxp_cup_interfaces:/home/pr/nxpws/install/sim_gazebo_bringup:/home/pr/ros2ws/install/sim_gazebo_bringup:/home/pr/ros2ws/install/robo_interfaces PYTHONPATH=/home/pr/nxpws/install/nxp_cup_vision/lib/python3.8/site-packages:/home/pr/nxpws/install/nxp_cup_interfaces/lib/python3.8/site-packages:/home/pr/nxpws/build/nxp_cup_vision:/home/pr/nxpws/install/nxp_cup_vision/lib/python3.8/site-packages:/home/pr/nxpws/build/aim_line_follow:/home/pr/nxpws/install/aim_line_follow/lib/python3.8/site-packages:/home/pr/ros2ws/install/track_follow/lib/python3.8/site-packages:/home/pr/ros2ws/install/robo_vision/lib/python3.8/site-packages:/home/pr/ros2ws/install/robo_interfaces/lib/python3.8/site-packages:/home/pr/ros2ws/install/pubsub/lib/python3.8/site-packages:/home/pr/ros2ws/install/minipck/lib/python3.8/site-packages:/opt/ros/foxy/lib/python3.8/site-packages /usr/bin/python3 setup.py egg_info --egg-base ../../build/nxp_cup_vision build --build-base /home/pr/nxpws/build/nxp_cup_vision/build install --prefix /home/pr/nxpws/install/nxp_cup_vision --record /home/pr/nxpws/build/nxp_cup_vision/install.log --single-version-externally-managed
[1.353s] running egg_info
[1.353s] writing ../../build/nxp_cup_vision/nxp_cup_vision.egg-info/PKG-INFO
[1.354s] writing dependency_links to ../../build/nxp_cup_vision/nxp_cup_vision.egg-info/dependency_links.txt
[1.354s] writing entry points to ../../build/nxp_cup_vision/nxp_cup_vision.egg-info/entry_points.txt
[1.354s] writing requirements to ../../build/nxp_cup_vision/nxp_cup_vision.egg-info/requires.txt
[1.354s] writing top-level names to ../../build/nxp_cup_vision/nxp_cup_vision.egg-info/top_level.txt
[1.389s] adding license file 'LICENSE' (matched pattern 'LICEN[CS]E*')
[1.390s] reading manifest file '../../build/nxp_cup_vision/nxp_cup_vision.egg-info/SOURCES.txt'
[1.391s] writing manifest file '../../build/nxp_cup_vision/nxp_cup_vision.egg-info/SOURCES.txt'
[1.391s] running build
[1.391s] running build_py
[1.391s] running install
[1.392s] running install_lib
[1.393s] creating /home/pr/nxpws/install/nxp_cup_vision/lib/python3.8/site-packages/nxp_cup_vision
[1.393s] copying /home/pr/nxpws/build/nxp_cup_vision/build/lib/nxp_cup_vision/__init__.py -> /home/pr/nxpws/install/nxp_cup_vision/lib/python3.8/site-packages/nxp_cup_vision
[1.393s] copying /home/pr/nxpws/build/nxp_cup_vision/build/lib/nxp_cup_vision/nxp_track_vision.py -> /home/pr/nxpws/install/nxp_cup_vision/lib/python3.8/site-packages/nxp_cup_vision
[1.393s] byte-compiling /home/pr/nxpws/install/nxp_cup_vision/lib/python3.8/site-packages/nxp_cup_vision/__init__.py to __init__.cpython-38.pyc
[1.393s] byte-compiling /home/pr/nxpws/install/nxp_cup_vision/lib/python3.8/site-packages/nxp_cup_vision/nxp_track_vision.py to nxp_track_vision.cpython-38.pyc
[1.397s] running install_data
[1.398s] running install_egg_info
[1.399s] Copying ../../build/nxp_cup_vision/nxp_cup_vision.egg-info to /home/pr/nxpws/install/nxp_cup_vision/lib/python3.8/site-packages/nxp_cup_vision-0.0.1-py3.8.egg-info
[1.400s] running install_scripts
[1.418s] Installing nxp_track_vision script to /home/pr/nxpws/install/nxp_cup_vision/lib/nxp_cup_vision
[1.419s] writing list of installed files to '/home/pr/nxpws/build/nxp_cup_vision/install.log'
[1.450s] Invoked command in '/home/pr/nxpws/src/nxp_cup_vision' returned '0': CMAKE_PREFIX_PATH=/home/pr/nxpws/install/nxp_cup_interfaces:/home/pr/nxpws/install/sim_gazebo_bringup:/home/pr/ros2ws/install/sim_gazebo_bringup:/home/pr/ros2ws/install/robo_interfaces PYTHONPATH=/home/pr/nxpws/install/nxp_cup_vision/lib/python3.8/site-packages:/home/pr/nxpws/install/nxp_cup_interfaces/lib/python3.8/site-packages:/home/pr/nxpws/build/nxp_cup_vision:/home/pr/nxpws/install/nxp_cup_vision/lib/python3.8/site-packages:/home/pr/nxpws/build/aim_line_follow:/home/pr/nxpws/install/aim_line_follow/lib/python3.8/site-packages:/home/pr/ros2ws/install/track_follow/lib/python3.8/site-packages:/home/pr/ros2ws/install/robo_vision/lib/python3.8/site-packages:/home/pr/ros2ws/install/robo_interfaces/lib/python3.8/site-packages:/home/pr/ros2ws/install/pubsub/lib/python3.8/site-packages:/home/pr/ros2ws/install/minipck/lib/python3.8/site-packages:/opt/ros/foxy/lib/python3.8/site-packages /usr/bin/python3 setup.py egg_info --egg-base ../../build/nxp_cup_vision build --build-base /home/pr/nxpws/build/nxp_cup_vision/build install --prefix /home/pr/nxpws/install/nxp_cup_vision --record /home/pr/nxpws/build/nxp_cup_vision/install.log --single-version-externally-managed
